WinBSPC v1.4
loading C:\quake2-320\baseq2\maps\highlandcastle_b3.bsp
allocated 14 MB and 758 KB of BSP memory
-- Q2_LoadMapFromBSP --
Loading map from C:\quake2-320\baseq2\maps\highlandcastle_b3.bsp...
MarkBrushBevels: brush 0 no winding
MarkBrushBevels: brush 0 tiny winding
MarkBrushBevels: brush 0 no winding
MarkBrushBevels: brush 0 no winding
MarkBrushBevels: brush 0 tiny winding
MarkBrushBevels: brush 0 no winding
MarkBrushBevels: brush 0 no winding
MarkBrushBevels: brush 0 no winding
MarkBrushBevels: brush 0 tiny winding
MarkBrushBevels: brush 0 tiny winding
MarkBrushBevels: brush 0 no winding
MarkBrushBevels: brush 0 tiny winding
MarkBrushBevels: brush 9 tiny winding
MarkBrushBevels: brush 9 no winding
MarkBrushBevels: brush 11 no winding
MarkBrushBevels: brush 12 tiny winding
MarkBrushBevels: brush 17 tiny winding
MarkBrushBevels: brush 17 tiny winding
MarkBrushBevels: brush 23 no winding
MarkBrushBevels: brush 24 tiny winding
MarkBrushBevels: brush 30 no winding
MarkBrushBevels: brush 31 tiny winding
MarkBrushBevels: brush 31 no winding
MarkBrushBevels: brush 32 tiny winding
MarkBrushBevels: brush 33 no winding
MarkBrushBevels: brush 35 no winding
MarkBrushBevels: brush 35 no winding
MarkBrushBevels: brush 35 no winding
MarkBrushBevels: brush 35 no winding
MarkBrushBevels: brush 35 no winding
MarkBrushBevels: brush 35 no winding
MarkBrushBevels: brush 35 no winding
MarkBrushBevels: brush 35 tiny winding
MarkBrushBevels: brush 35 no winding
MarkBrushBevels: brush 35 tiny winding
MarkBrushBevels: brush 35 no winding
MarkBrushBevels: brush 36 no winding
MarkBrushBevels: brush 36 no winding
MarkBrushBevels: brush 36 no winding
MarkBrushBevels: brush 36 tiny winding
MarkBrushBevels: brush 36 tiny winding
MarkBrushBevels: brush 36 tiny winding
MarkBrushBevels: brush 36 tiny winding
MarkBrushBevels: brush 36 tiny winding
MarkBrushBevels: brush 36 tiny winding
MarkBrushBevels: brush 36 no winding
MarkBrushBevels: brush 36 no winding
MarkBrushBevels: brush 39 tiny winding
MarkBrushBevels: brush 39 tiny winding
MarkBrushBevels: brush 41 tiny winding
MarkBrushBevels: brush 41 tiny winding
MarkBrushBevels: brush 42 tiny winding
MarkBrushBevels: brush 43 no winding
MarkBrushBevels: brush 43 no winding
MarkBrushBevels: brush 44 tiny winding
MarkBrushBevels: brush 44 tiny winding
MarkBrushBevels: brush 45 no winding
MarkBrushBevels: brush 45 no winding
MarkBrushBevels: brush 46 tiny winding
MarkBrushBevels: brush 46 tiny winding
MarkBrushBevels: brush 47 tiny winding
MarkBrushBevels: brush 47 tiny winding
MarkBrushBevels: brush 48 tiny winding
MarkBrushBevels: brush 48 tiny winding
MarkBrushBevels: brush 50 tiny winding
MarkBrushBevels: brush 52 tiny winding
MarkBrushBevels: brush 52 tiny winding
MarkBrushBevels: brush 53 no winding
MarkBrushBevels: brush 53 tiny winding
MarkBrushBevels: brush 54 tiny winding
MarkBrushBevels: brush 63 tiny winding
MarkBrushBevels: brush 64 tiny winding
MarkBrushBevels: brush 67 no winding
MarkBrushBevels: brush 67 tiny winding
MarkBrushBevels: brush 67 tiny winding
MarkBrushBevels: brush 68 no winding
MarkBrushBevels: brush 68 no winding
MarkBrushBevels: brush 68 no winding
MarkBrushBevels: brush 68 tiny winding
MarkBrushBevels: brush 69 tiny winding
MarkBrushBevels: brush 69 no winding
MarkBrushBevels: brush 70 no winding
MarkBrushBevels: brush 70 no winding
MarkBrushBevels: brush 70 no winding
MarkBrushBevels: brush 70 no winding
MarkBrushBevels: brush 70 no winding
MarkBrushBevels: brush 70 tiny winding
MarkBrushBevels: brush 78 no winding
MarkBrushBevels: brush 79 no winding
MarkBrushBevels: brush 83 no winding
MarkBrushBevels: brush 89 no winding
MarkBrushBevels: brush 89 tiny winding
MarkBrushBevels: brush 90 tiny winding
MarkBrushBevels: brush 90 no winding
MarkBrushBevels: brush 90 no winding
MarkBrushBevels: brush 90 tiny winding
MarkBrushBevels: brush 91 tiny winding
MarkBrushBevels: brush 91 tiny winding
MarkBrushBevels: brush 91 tiny winding
MarkBrushBevels: brush 91 tiny winding
MarkBrushBevels: brush 92 tiny winding
MarkBrushBevels: brush 92 no winding
MarkBrushBevels: brush 92 tiny winding
MarkBrushBevels: brush 92 tiny winding
MarkBrushBevels: brush 93 no winding
MarkBrushBevels: brush 93 no winding
MarkBrushBevels: brush 94 tiny winding
MarkBrushBevels: brush 94 tiny winding
MarkBrushBevels: brush 94 tiny winding
MarkBrushBevels: brush 94 tiny winding
MarkBrushBevels: brush 95 no winding
MarkBrushBevels: brush 95 tiny winding
MarkBrushBevels: brush 95 tiny winding
MarkBrushBevels: brush 95 no winding
MarkBrushBevels: brush 96 no winding
MarkBrushBevels: brush 96 no winding
MarkBrushBevels: brush 96 no winding
MarkBrushBevels: brush 96 no winding
MarkBrushBevels: brush 97 tiny winding
MarkBrushBevels: brush 97 tiny winding
MarkBrushBevels: brush 98 tiny winding
MarkBrushBevels: brush 98 no winding
MarkBrushBevels: brush 98 no winding
MarkBrushBevels: brush 98 tiny winding
MarkBrushBevels: brush 99 tiny winding
MarkBrushBevels: brush 99 tiny winding
MarkBrushBevels: brush 99 no winding
MarkBrushBevels: brush 99 tiny winding
MarkBrushBevels: brush 100 no winding
MarkBrushBevels: brush 100 no winding
MarkBrushBevels: brush 100 no winding
MarkBrushBevels: brush 100 tiny winding
MarkBrushBevels: brush 101 no winding
MarkBrushBevels: brush 101 no winding
MarkBrushBevels: brush 102 no winding
MarkBrushBevels: brush 102 tiny winding
MarkBrushBevels: brush 102 tiny winding
MarkBrushBevels: brush 102 no winding
MarkBrushBevels: brush 103 no winding
MarkBrushBevels: brush 103 tiny winding
MarkBrushBevels: brush 103 tiny winding
MarkBrushBevels: brush 103 no winding
MarkBrushBevels: brush 104 no winding
MarkBrushBevels: brush 104 tiny winding
MarkBrushBevels: brush 104 tiny winding
MarkBrushBevels: brush 104 tiny winding
MarkBrushBevels: brush 106 no winding
MarkBrushBevels: brush 107 tiny winding
MarkBrushBevels: brush 108 no winding
MarkBrushBevels: brush 108 no winding
MarkBrushBevels: brush 108 no winding
MarkBrushBevels: brush 109 no winding
MarkBrushBevels: brush 109 tiny winding
MarkBrushBevels: brush 109 no winding
MarkBrushBevels: brush 109 no winding
MarkBrushBevels: brush 109 no winding
MarkBrushBevels: brush 109 no winding
MarkBrushBevels: brush 109 tiny winding
MarkBrushBevels: brush 109 tiny winding
MarkBrushBevels: brush 110 no winding
MarkBrushBevels: brush 111 tiny winding
MarkBrushBevels: brush 112 tiny winding
MarkBrushBevels: brush 112 tiny winding
MarkBrushBevels: brush 112 tiny winding
MarkBrushBevels: brush 112 no winding
MarkBrushBevels: brush 112 tiny winding
MarkBrushBevels: brush 112 no winding
MarkBrushBevels: brush 112 tiny winding
MarkBrushBevels: brush 113 tiny winding
MarkBrushBevels: brush 114 tiny winding
MarkBrushBevels: brush 116 tiny winding
MarkBrushBevels: brush 116 tiny winding
MarkBrushBevels: brush 117 no winding
MarkBrushBevels: brush 118 no winding
MarkBrushBevels: brush 118 tiny winding
MarkBrushBevels: brush 118 tiny winding
MarkBrushBevels: brush 118 tiny winding
MarkBrushBevels: brush 118 tiny winding
MarkBrushBevels: brush 119 tiny winding
MarkBrushBevels: brush 119 tiny winding
MarkBrushBevels: brush 119 tiny winding
MarkBrushBevels: brush 119 tiny winding
MarkBrushBevels: brush 120 tiny winding
MarkBrushBevels: brush 121 tiny winding
MarkBrushBevels: brush 122 no winding
MarkBrushBevels: brush 122 tiny winding
MarkBrushBevels: brush 122 no winding
MarkBrushBevels: brush 122 tiny winding
MarkBrushBevels: brush 122 tiny winding
MarkBrushBevels: brush 122 no winding
MarkBrushBevels: brush 122 tiny winding
MarkBrushBevels: brush 122 tiny winding
MarkBrushBevels: brush 122 tiny winding
MarkBrushBevels: brush 122 tiny winding
MarkBrushBevels: brush 122 tiny winding
MarkBrushBevels: brush 122 no winding
MarkBrushBevels: brush 122 tiny winding
MarkBrushBevels: brush 122 tiny winding
MarkBrushBevels: brush 122 no winding
MarkBrushBevels: brush 122 tiny winding
MarkBrushBevels: brush 122 tiny winding
MarkBrushBevels: brush 122 tiny winding
MarkBrushBevels: brush 123 tiny winding
MarkBrushBevels: brush 123 no winding
MarkBrushBevels: brush 124 tiny winding
MarkBrushBevels: brush 124 tiny winding
MarkBrushBevels: brush 125 tiny winding
MarkBrushBevels: brush 126 no winding
MarkBrushBevels: brush 134 no winding
MarkBrushBevels: brush 134 no winding
MarkBrushBevels: brush 134 tiny winding
MarkBrushBevels: brush 135 tiny winding
MarkBrushBevels: brush 135 tiny winding
MarkBrushBevels: brush 135 tiny winding
MarkBrushBevels: brush 136 no winding
MarkBrushBevels: brush 136 tiny winding
MarkBrushBevels: brush 136 no winding
MarkBrushBevels: brush 136 tiny winding
MarkBrushBevels: brush 137 no winding
MarkBrushBevels: brush 137 tiny winding
MarkBrushBevels: brush 137 no winding
MarkBrushBevels: brush 137 tiny winding
MarkBrushBevels: brush 138 tiny winding
MarkBrushBevels: brush 139 tiny winding
MarkBrushBevels: brush 143 no winding
MarkBrushBevels: brush 143 tiny winding
MarkBrushBevels: brush 143 no winding
MarkBrushBevels: brush 143 no winding
MarkBrushBevels: brush 144 no winding
MarkBrushBevels: brush 144 no winding
MarkBrushBevels: brush 145 tiny winding
MarkBrushBevels: brush 145 tiny winding
MarkBrushBevels: brush 146 tiny winding
MarkBrushBevels: brush 146 no winding
MarkBrushBevels: brush 147 no winding
MarkBrushBevels: brush 147 no winding
MarkBrushBevels: brush 148 tiny winding
MarkBrushBevels: brush 149 tiny winding
MarkBrushBevels: brush 149 no winding
MarkBrushBevels: brush 149 no winding
MarkBrushBevels: brush 149 no winding
MarkBrushBevels: brush 154 tiny winding
MarkBrushBevels: brush 154 tiny winding
MarkBrushBevels: brush 155 no winding
MarkBrushBevels: brush 155 no winding
MarkBrushBevels: brush 156 no winding
MarkBrushBevels: brush 156 no winding
MarkBrushBevels: brush 157 no winding
MarkBrushBevels: brush 157 no winding
MarkBrushBevels: brush 162 no winding
MarkBrushBevels: brush 162 no winding
MarkBrushBevels: brush 163 no winding
MarkBrushBevels: brush 163 no winding
MarkBrushBevels: brush 164 tiny winding
MarkBrushBevels: brush 164 tiny winding
MarkBrushBevels: brush 165 tiny winding
MarkBrushBevels: brush 165 tiny winding
MarkBrushBevels: brush 170 tiny winding
MarkBrushBevels: brush 170 tiny winding
MarkBrushBevels: brush 171 no winding
MarkBrushBevels: brush 171 no winding
MarkBrushBevels: brush 177 tiny winding
MarkBrushBevels: brush 179 tiny winding
MarkBrushBevels: brush 179 tiny winding
MarkBrushBevels: brush 179 tiny winding
MarkBrushBevels: brush 180 tiny winding
MarkBrushBevels: brush 180 no winding
MarkBrushBevels: brush 181 tiny winding
MarkBrushBevels: brush 181 tiny winding
MarkBrushBevels: brush 182 no winding
MarkBrushBevels: brush 182 no winding
MarkBrushBevels: brush 183 no winding
MarkBrushBevels: brush 183 no winding
MarkBrushBevels: brush 184 tiny winding
MarkBrushBevels: brush 184 no winding
MarkBrushBevels: brush 184 no winding
MarkBrushBevels: brush 185 tiny winding
MarkBrushBevels: brush 185 tiny winding
MarkBrushBevels: brush 185 tiny winding
MarkBrushBevels: brush 185 tiny winding
MarkBrushBevels: brush 186 tiny winding
MarkBrushBevels: brush 186 tiny winding
MarkBrushBevels: brush 187 no winding
MarkBrushBevels: brush 187 tiny winding
MarkBrushBevels: brush 188 no winding
MarkBrushBevels: brush 188 tiny winding
MarkBrushBevels: brush 188 no winding
MarkBrushBevels: brush 188 no winding
MarkBrushBevels: brush 189 no winding
MarkBrushBevels: brush 189 no winding
MarkBrushBevels: brush 189 no winding
MarkBrushBevels: brush 189 no winding
MarkBrushBevels: brush 190 no winding
MarkBrushBevels: brush 190 no winding
MarkBrushBevels: brush 190 no winding
MarkBrushBevels: brush 190 no winding
MarkBrushBevels: brush 191 no winding
MarkBrushBevels: brush 191 no winding
MarkBrushBevels: brush 191 no winding
MarkBrushBevels: brush 192 no winding
MarkBrushBevels: brush 192 no winding
MarkBrushBevels: brush 194 tiny winding
MarkBrushBevels: brush 195 tiny winding
MarkBrushBevels: brush 195 tiny winding
MarkBrushBevels: brush 196 tiny winding
MarkBrushBevels: brush 197 no winding
MarkBrushBevels: brush 197 no winding
MarkBrushBevels: brush 198 tiny winding
MarkBrushBevels: brush 200 tiny winding
MarkBrushBevels: brush 200 tiny winding
MarkBrushBevels: brush 202 no winding
MarkBrushBevels: brush 202 tiny winding
MarkBrushBevels: brush 202 tiny winding
MarkBrushBevels: brush 202 no winding
MarkBrushBevels: brush 202 no winding
MarkBrushBevels: brush 203 no winding
MarkBrushBevels: brush 203 no winding
MarkBrushBevels: brush 203 tiny winding
MarkBrushBevels: brush 203 no winding
MarkBrushBevels: brush 204 tiny winding
MarkBrushBevels: brush 204 no winding
MarkBrushBevels: brush 204 no winding
MarkBrushBevels: brush 204 tiny winding
MarkBrushBevels: brush 206 tiny winding
MarkBrushBevels: brush 206 tiny winding
MarkBrushBevels: brush 207 tiny winding
MarkBrushBevels: brush 207 tiny winding
MarkBrushBevels: brush 209 tiny winding
MarkBrushBevels: brush 210 tiny winding
MarkBrushBevels: brush 211 tiny winding
MarkBrushBevels: brush 211 tiny winding
MarkBrushBevels: brush 215 tiny winding
MarkBrushBevels: brush 215 no winding
MarkBrushBevels: brush 215 tiny winding
MarkBrushBevels: brush 215 tiny winding
MarkBrushBevels: brush 217 tiny winding
MarkBrushBevels: brush 219 tiny winding
MarkBrushBevels: brush 219 tiny winding
MarkBrushBevels: brush 220 tiny winding
MarkBrushBevels: brush 220 tiny winding
MarkBrushBevels: brush 221 tiny winding
MarkBrushBevels: brush 221 tiny winding
MarkBrushBevels: brush 222 tiny winding
MarkBrushBevels: brush 222 tiny winding
MarkBrushBevels: brush 224 tiny winding
MarkBrushBevels: brush 224 tiny winding
MarkBrushBevels: brush 224 tiny winding
MarkBrushBevels: brush 224 tiny winding
MarkBrushBevels: brush 224 no winding
MarkBrushBevels: brush 224 tiny winding
MarkBrushBevels: brush 225 tiny winding
MarkBrushBevels: brush 225 tiny winding
MarkBrushBevels: brush 226 no winding
MarkBrushBevels: brush 226 tiny winding
MarkBrushBevels: brush 226 no winding
MarkBrushBevels: brush 227 no winding
MarkBrushBevels: brush 227 tiny winding
MarkBrushBevels: brush 227 tiny winding
MarkBrushBevels: brush 228 tiny winding
MarkBrushBevels: brush 228 tiny winding
MarkBrushBevels: brush 228 tiny winding
MarkBrushBevels: brush 228 no winding
MarkBrushBevels: brush 229 no winding
MarkBrushBevels: brush 229 no winding
MarkBrushBevels: brush 229 no winding
MarkBrushBevels: brush 230 no winding
MarkBrushBevels: brush 231 no winding
MarkBrushBevels: brush 231 no winding
MarkBrushBevels: brush 232 tiny winding
MarkBrushBevels: brush 232 no winding
MarkBrushBevels: brush 232 tiny winding
MarkBrushBevels: brush 233 no winding
MarkBrushBevels: brush 233 no winding
MarkBrushBevels: brush 233 no winding
MarkBrushBevels: brush 234 tiny winding
MarkBrushBevels: brush 235 no winding
MarkBrushBevels: brush 236 tiny winding
MarkBrushBevels: brush 236 no winding
MarkBrushBevels: brush 236 no winding
MarkBrushBevels: brush 236 tiny winding
MarkBrushBevels: brush 236 no winding
MarkBrushBevels: brush 237 no winding
MarkBrushBevels: brush 237 no winding
MarkBrushBevels: brush 238 tiny winding
MarkBrushBevels: brush 238 no winding
MarkBrushBevels: brush 239 no winding
MarkBrushBevels: brush 240 no winding
MarkBrushBevels: brush 240 no winding
MarkBrushBevels: brush 241 tiny winding
MarkBrushBevels: brush 241 tiny winding
MarkBrushBevels: brush 241 tiny winding
MarkBrushBevels: brush 242 tiny winding
MarkBrushBevels: brush 242 no winding
MarkBrushBevels: brush 242 tiny winding
MarkBrushBevels: brush 242 tiny winding
MarkBrushBevels: brush 243 tiny winding
MarkBrushBevels: brush 243 no winding
MarkBrushBevels: brush 243 tiny winding
MarkBrushBevels: brush 243 no winding
MarkBrushBevels: brush 244 tiny winding
MarkBrushBevels: brush 244 tiny winding
MarkBrushBevels: brush 244 no winding
MarkBrushBevels: brush 245 no winding
MarkBrushBevels: brush 245 tiny winding
MarkBrushBevels: brush 245 tiny winding
MarkBrushBevels: brush 246 tiny winding
MarkBrushBevels: brush 246 no winding
MarkBrushBevels: brush 246 no winding
MarkBrushBevels: brush 246 no winding
MarkBrushBevels: brush 247 tiny winding
MarkBrushBevels: brush 248 no winding
MarkBrushBevels: brush 248 tiny winding
MarkBrushBevels: brush 248 no winding
MarkBrushBevels: brush 249 tiny winding
MarkBrushBevels: brush 249 no winding
MarkBrushBevels: brush 250 no winding
MarkBrushBevels: brush 250 no winding
MarkBrushBevels: brush 250 no winding
MarkBrushBevels: brush 251 tiny winding
MarkBrushBevels: brush 251 tiny winding
MarkBrushBevels: brush 252 no winding
MarkBrushBevels: brush 252 tiny winding
MarkBrushBevels: brush 252 no winding
MarkBrushBevels: brush 253 no winding
MarkBrushBevels: brush 254 no winding
MarkBrushBevels: brush 254 no winding
MarkBrushBevels: brush 255 no winding
MarkBrushBevels: brush 256 no winding
MarkBrushBevels: brush 256 no winding
MarkBrushBevels: brush 257 no winding
MarkBrushBevels: brush 257 tiny winding
MarkBrushBevels: brush 257 no winding
MarkBrushBevels: brush 258 no winding
MarkBrushBevels: brush 258 tiny winding
MarkBrushBevels: brush 258 tiny winding
MarkBrushBevels: brush 258 no winding
MarkBrushBevels: brush 259 no winding
MarkBrushBevels: brush 260 no winding
MarkBrushBevels: brush 260 no winding
MarkBrushBevels: brush 261 no winding
MarkBrushBevels: brush 262 tiny winding
MarkBrushBevels: brush 262 tiny winding
MarkBrushBevels: brush 263 tiny winding
MarkBrushBevels: brush 263 tiny winding
MarkBrushBevels: brush 264 no winding
MarkBrushBevels: brush 264 no winding
MarkBrushBevels: brush 265 no winding
MarkBrushBevels: brush 265 no winding
MarkBrushBevels: brush 265 no winding
MarkBrushBevels: brush 267 no winding
MarkBrushBevels: brush 267 no winding
MarkBrushBevels: brush 267 tiny winding
MarkBrushBevels: brush 268 no winding
MarkBrushBevels: brush 268 no winding
MarkBrushBevels: brush 268 no winding
MarkBrushBevels: brush 268 no winding
MarkBrushBevels: brush 269 no winding
MarkBrushBevels: brush 269 no winding
MarkBrushBevels: brush 274 tiny winding
MarkBrushBevels: brush 275 no winding
MarkBrushBevels: brush 277 tiny winding
MarkBrushBevels: brush 277 no winding
MarkBrushBevels: brush 287 tiny winding
MarkBrushBevels: brush 287 no winding
MarkBrushBevels: brush 288 no winding
MarkBrushBevels: brush 289 tiny winding
MarkBrushBevels: brush 290 tiny winding
MarkBrushBevels: brush 291 tiny winding
MarkBrushBevels: brush 309 no winding
MarkBrushBevels: brush 309 no winding
MarkBrushBevels: brush 309 tiny winding
MarkBrushBevels: brush 309 no winding
MarkBrushBevels: brush 310 tiny winding
MarkBrushBevels: brush 310 no winding
MarkBrushBevels: brush 310 tiny winding
MarkBrushBevels: brush 310 tiny winding
MarkBrushBevels: brush 315 no winding
MarkBrushBevels: brush 315 no winding
MarkBrushBevels: brush 315 no winding
MarkBrushBevels: brush 315 no winding
MarkBrushBevels: brush 317 no winding
MarkBrushBevels: brush 317 no winding
MarkBrushBevels: brush 317 tiny winding
MarkBrushBevels: brush 317 tiny winding
MarkBrushBevels: brush 317 tiny winding
MarkBrushBevels: brush 317 no winding
MarkBrushBevels: brush 317 tiny winding
MarkBrushBevels: brush 317 no winding
MarkBrushBevels: brush 318 no winding
MarkBrushBevels: brush 322 no winding
MarkBrushBevels: brush 324 tiny winding
MarkBrushBevels: brush 324 tiny winding
MarkBrushBevels: brush 325 no winding
MarkBrushBevels: brush 325 no winding
MarkBrushBevels: brush 328 tiny winding
MarkBrushBevels: brush 334 tiny winding
MarkBrushBevels: brush 335 tiny winding
MarkBrushBevels: brush 336 no winding
MarkBrushBevels: brush 337 no winding
MarkBrushBevels: brush 339 tiny winding
MarkBrushBevels: brush 360 tiny winding
MarkBrushBevels: brush 360 tiny winding
MarkBrushBevels: brush 361 no winding
MarkBrushBevels: brush 361 tiny winding
MarkBrushBevels: brush 361 tiny winding
MarkBrushBevels: brush 362 tiny winding
MarkBrushBevels: brush 362 no winding
MarkBrushBevels: brush 362 no winding
MarkBrushBevels: brush 363 no winding
MarkBrushBevels: brush 363 no winding
MarkBrushBevels: brush 367 tiny winding
MarkBrushBevels: brush 367 tiny winding
MarkBrushBevels: brush 367 no winding
MarkBrushBevels: brush 367 no winding
MarkBrushBevels: brush 367 no winding
MarkBrushBevels: brush 367 tiny winding
MarkBrushBevels: brush 367 tiny winding
MarkBrushBevels: brush 367 no winding
MarkBrushBevels: brush 367 tiny winding
MarkBrushBevels: brush 367 tiny winding
MarkBrushBevels: brush 367 no winding
MarkBrushBevels: brush 367 no winding
MarkBrushBevels: brush 367 no winding
MarkBrushBevels: brush 367 no winding
MarkBrushBevels: brush 367 tiny winding
MarkBrushBevels: brush 367 no winding
MarkBrushBevels: brush 367 tiny winding
MarkBrushBevels: brush 368 tiny winding
MarkBrushBevels: brush 368 tiny winding
MarkBrushBevels: brush 368 tiny winding
MarkBrushBevels: brush 368 no winding
MarkBrushBevels: brush 368 tiny winding
MarkBrushBevels: brush 368 tiny winding
MarkBrushBevels: brush 368 tiny winding
MarkBrushBevels: brush 368 no winding
MarkBrushBevels: brush 368 tiny winding
MarkBrushBevels: brush 368 no winding
MarkBrushBevels: brush 368 tiny winding
MarkBrushBevels: brush 368 no winding
MarkBrushBevels: brush 368 tiny winding
MarkBrushBevels: brush 368 tiny winding
MarkBrushBevels: brush 368 no winding
MarkBrushBevels: brush 368 tiny winding
MarkBrushBevels: brush 368 tiny winding
MarkBrushBevels: brush 368 tiny winding
MarkBrushBevels: brush 368 tiny winding
MarkBrushBevels: brush 369 no winding
MarkBrushBevels: brush 369 no winding
MarkBrushBevels: brush 370 no winding
MarkBrushBevels: brush 370 tiny winding
MarkBrushBevels: brush 370 no winding
MarkBrushBevels: brush 370 tiny winding
MarkBrushBevels: brush 370 no winding
MarkBrushBevels: brush 370 tiny winding
MarkBrushBevels: brush 370 no winding
MarkBrushBevels: brush 370 no winding
MarkBrushBevels: brush 370 no winding
MarkBrushBevels: brush 370 no winding
MarkBrushBevels: brush 370 tiny winding
MarkBrushBevels: brush 371 no winding
MarkBrushBevels: brush 371 no winding
MarkBrushBevels: brush 371 tiny winding
MarkBrushBevels: brush 371 no winding
MarkBrushBevels: brush 371 tiny winding
MarkBrushBevels: brush 371 tiny winding
MarkBrushBevels: brush 371 tiny winding
MarkBrushBevels: brush 371 no winding
MarkBrushBevels: brush 372 tiny winding
MarkBrushBevels: brush 372 tiny winding
MarkBrushBevels: brush 372 tiny winding
MarkBrushBevels: brush 372 tiny winding
MarkBrushBevels: brush 372 tiny winding
MarkBrushBevels: brush 373 no winding
MarkBrushBevels: brush 373 no winding
MarkBrushBevels: brush 373 tiny winding
MarkBrushBevels: brush 373 tiny winding
MarkBrushBevels: brush 373 tiny winding
MarkBrushBevels: brush 373 no winding
MarkBrushBevels: brush 373 tiny winding
MarkBrushBevels: brush 374 no winding
MarkBrushBevels: brush 374 tiny winding
MarkBrushBevels: brush 374 no winding
MarkBrushBevels: brush 374 tiny winding
MarkBrushBevels: brush 374 no winding
MarkBrushBevels: brush 374 tiny winding
MarkBrushBevels: brush 374 no winding
MarkBrushBevels: brush 374 no winding
MarkBrushBevels: brush 374 tiny winding
MarkBrushBevels: brush 374 no winding
MarkBrushBevels: brush 374 tiny winding
MarkBrushBevels: brush 377 no winding
MarkBrushBevels: brush 377 no winding
MarkBrushBevels: brush 377 tiny winding
MarkBrushBevels: brush 378 no winding
MarkBrushBevels: brush 378 tiny winding
MarkBrushBevels: brush 379 tiny winding
MarkBrushBevels: brush 379 tiny winding
MarkBrushBevels: brush 379 tiny winding
MarkBrushBevels: brush 380 no winding
MarkBrushBevels: brush 380 no winding
MarkBrushBevels: brush 380 no winding
MarkBrushBevels: brush 380 no winding
MarkBrushBevels: brush 381 tiny winding
MarkBrushBevels: brush 381 no winding
MarkBrushBevels: brush 381 tiny winding
MarkBrushBevels: brush 381 no winding
MarkBrushBevels: brush 382 tiny winding
MarkBrushBevels: brush 382 no winding
MarkBrushBevels: brush 382 no winding
MarkBrushBevels: brush 383 no winding
MarkBrushBevels: brush 383 no winding
MarkBrushBevels: brush 383 tiny winding
MarkBrushBevels: brush 384 no winding
MarkBrushBevels: brush 384 tiny winding
MarkBrushBevels: brush 385 no winding
MarkBrushBevels: brush 385 no winding
MarkBrushBevels: brush 385 tiny winding
MarkBrushBevels: brush 385 no winding
MarkBrushBevels: brush 386 tiny winding
MarkBrushBevels: brush 386 tiny winding
MarkBrushBevels: brush 386 tiny winding
MarkBrushBevels: brush 386 tiny winding
MarkBrushBevels: brush 387 tiny winding
MarkBrushBevels: brush 387 no winding
MarkBrushBevels: brush 387 tiny winding
MarkBrushBevels: brush 387 tiny winding
MarkBrushBevels: brush 388 tiny winding
MarkBrushBevels: brush 388 no winding
MarkBrushBevels: brush 388 tiny winding
MarkBrushBevels: brush 388 no winding
MarkBrushBevels: brush 389 no winding
MarkBrushBevels: brush 389 no winding
MarkBrushBevels: brush 389 no winding
MarkBrushBevels: brush 389 no winding
MarkBrushBevels: brush 390 tiny winding
MarkBrushBevels: brush 390 no winding
MarkBrushBevels: brush 390 no winding
MarkBrushBevels: brush 390 tiny winding
MarkBrushBevels: brush 391 tiny winding
MarkBrushBevels: brush 392 no winding
MarkBrushBevels: brush 392 no winding
MarkBrushBevels: brush 392 no winding
MarkBrushBevels: brush 392 tiny winding
MarkBrushBevels: brush 393 tiny winding
MarkBrushBevels: brush 393 tiny winding
MarkBrushBevels: brush 393 tiny winding
MarkBrushBevels: brush 393 tiny winding
MarkBrushBevels: brush 394 no winding
MarkBrushBevels: brush 397 tiny winding
MarkBrushBevels: brush 398 no winding
MarkBrushBevels: brush 398 tiny winding
MarkBrushBevels: brush 398 no winding
MarkBrushBevels: brush 398 tiny winding
MarkBrushBevels: brush 399 no winding
MarkBrushBevels: brush 399 tiny winding
MarkBrushBevels: brush 399 no winding
MarkBrushBevels: brush 399 no winding
MarkBrushBevels: brush 400 tiny winding
MarkBrushBevels: brush 401 tiny winding
MarkBrushBevels: brush 401 no winding
MarkBrushBevels: brush 401 no winding
MarkBrushBevels: brush 401 no winding
MarkBrushBevels: brush 402 no winding
MarkBrushBevels: brush 402 no winding
MarkBrushBevels: brush 402 no winding
MarkBrushBevels: brush 402 no winding
MarkBrushBevels: brush 403 tiny winding
MarkBrushBevels: brush 403 tiny winding
MarkBrushBevels: brush 403 tiny winding
MarkBrushBevels: brush 403 tiny winding
MarkBrushBevels: brush 404 no winding
MarkBrushBevels: brush 404 no winding
MarkBrushBevels: brush 404 no winding
MarkBrushBevels: brush 404 no winding
MarkBrushBevels: brush 405 tiny winding
MarkBrushBevels: brush 405 tiny winding
MarkBrushBevels: brush 405 tiny winding
MarkBrushBevels: brush 405 tiny winding
MarkBrushBevels: brush 416 no winding
MarkBrushBevels: brush 416 no winding
MarkBrushBevels: brush 416 tiny winding
MarkBrushBevels: brush 416 no winding
MarkBrushBevels: brush 416 no winding
MarkBrushBevels: brush 416 tiny winding
MarkBrushBevels: brush 416 tiny winding
MarkBrushBevels: brush 417 no winding
MarkBrushBevels: brush 424 no winding
MarkBrushBevels: brush 425 no winding
MarkBrushBevels: brush 426 tiny winding
MarkBrushBevels: brush 426 tiny winding
MarkBrushBevels: brush 427 tiny winding
MarkBrushBevels: brush 427 no winding
MarkBrushBevels: brush 428 tiny winding
MarkBrushBevels: brush 429 no winding
MarkBrushBevels: brush 431 tiny winding
MarkBrushBevels: brush 432 tiny winding
MarkBrushBevels: brush 433 tiny winding
MarkBrushBevels: brush 434 no winding
MarkBrushBevels: brush 434 no winding
MarkBrushBevels: brush 434 no winding
MarkBrushBevels: brush 434 no winding
MarkBrushBevels: brush 434 tiny winding
MarkBrushBevels: brush 434 tiny winding
MarkBrushBevels: brush 434 tiny winding
MarkBrushBevels: brush 435 no winding
MarkBrushBevels: brush 435 no winding
MarkBrushBevels: brush 435 no winding
MarkBrushBevels: brush 435 tiny winding
MarkBrushBevels: brush 435 tiny winding
MarkBrushBevels: brush 435 no winding
MarkBrushBevels: brush 435 no winding
MarkBrushBevels: brush 435 no winding
MarkBrushBevels: brush 438 tiny winding
MarkBrushBevels: brush 438 no winding
MarkBrushBevels: brush 439 tiny winding
MarkBrushBevels: brush 439 tiny winding
MarkBrushBevels: brush 454 no winding
MarkBrushBevels: brush 454 no winding
MarkBrushBevels: brush 455 no winding
MarkBrushBevels: brush 455 no winding
MarkBrushBevels: brush 456 tiny winding
MarkBrushBevels: brush 456 no winding
MarkBrushBevels: brush 458 no winding
MarkBrushBevels: brush 459 tiny winding
MarkBrushBevels: brush 461 tiny winding
MarkBrushBevels: brush 461 tiny winding
MarkBrushBevels: brush 461 tiny winding
MarkBrushBevels: brush 462 tiny winding
MarkBrushBevels: brush 463 tiny winding
MarkBrushBevels: brush 469 no winding
MarkBrushBevels: brush 469 no winding
MarkBrushBevels: brush 470 tiny winding
MarkBrushBevels: brush 471 tiny winding
MarkBrushBevels: brush 475 tiny winding
MarkBrushBevels: brush 476 tiny winding
MarkBrushBevels: brush 477 no winding
MarkBrushBevels: brush 477 no winding
MarkBrushBevels: brush 477 no winding
MarkBrushBevels: brush 477 tiny winding
MarkBrushBevels: brush 477 tiny winding
MarkBrushBevels: brush 477 no winding
MarkBrushBevels: brush 478 no winding
MarkBrushBevels: brush 478 no winding
MarkBrushBevels: brush 478 tiny winding
MarkBrushBevels: brush 478 no winding
MarkBrushBevels: brush 479 no winding
MarkBrushBevels: brush 479 no winding
MarkBrushBevels: brush 479 tiny winding
MarkBrushBevels: brush 479 no winding
MarkBrushBevels: brush 480 tiny winding
MarkBrushBevels: brush 480 no winding
MarkBrushBevels: brush 480 no winding
MarkBrushBevels: brush 480 tiny winding
MarkBrushBevels: brush 480 tiny winding
MarkBrushBevels: brush 480 tiny winding
MarkBrushBevels: brush 482 tiny winding
MarkBrushBevels: brush 482 tiny winding
MarkBrushBevels: brush 482 tiny winding
MarkBrushBevels: brush 482 tiny winding
MarkBrushBevels: brush 486 tiny winding
MarkBrushBevels: brush 486 tiny winding
MarkBrushBevels: brush 487 no winding
MarkBrushBevels: brush 487 no winding
MarkBrushBevels: brush 489 tiny winding
MarkBrushBevels: brush 495 tiny winding
MarkBrushBevels: brush 496 no winding
MarkBrushBevels: brush 498 tiny winding
MarkBrushBevels: brush 498 no winding
MarkBrushBevels: brush 502 no winding
MarkBrushBevels: brush 502 no winding
MarkBrushBevels: brush 503 tiny winding
MarkBrushBevels: brush 503 no winding
MarkBrushBevels: brush 506 tiny winding
MarkBrushBevels: brush 507 no winding
MarkBrushBevels: brush 508 tiny winding
MarkBrushBevels: brush 509 tiny winding
MarkBrushBevels: brush 513 tiny winding
MarkBrushBevels: brush 513 tiny winding
MarkBrushBevels: brush 520 tiny winding
MarkBrushBevels: brush 521 no winding
MarkBrushBevels: brush 522 tiny winding
MarkBrushBevels: brush 522 no winding
MarkBrushBevels: brush 528 tiny winding
MarkBrushBevels: brush 528 tiny winding
MarkBrushBevels: brush 529 no winding
MarkBrushBevels: brush 530 no winding
MarkBrushBevels: brush 537 tiny winding
MarkBrushBevels: brush 537 tiny winding
MarkBrushBevels: brush 538 tiny winding
MarkBrushBevels: brush 539 tiny winding
MarkBrushBevels: brush 541 tiny winding
MarkBrushBevels: brush 541 tiny winding
MarkBrushBevels: brush 542 tiny winding
MarkBrushBevels: brush 542 tiny winding
MarkBrushBevels: brush 543 no winding
MarkBrushBevels: brush 543 tiny winding
MarkBrushBevels: brush 543 tiny winding
MarkBrushBevels: brush 545 no winding
MarkBrushBevels: brush 545 tiny winding
MarkBrushBevels: brush 545 no winding
MarkBrushBevels: brush 545 no winding
MarkBrushBevels: brush 546 no winding
MarkBrushBevels: brush 546 tiny winding
MarkBrushBevels: brush 546 tiny winding
MarkBrushBevels: brush 547 tiny winding
MarkBrushBevels: brush 547 tiny winding
MarkBrushBevels: brush 547 no winding
MarkBrushBevels: brush 547 tiny winding
MarkBrushBevels: brush 548 no winding
MarkBrushBevels: brush 548 no winding
MarkBrushBevels: brush 548 tiny winding
MarkBrushBevels: brush 548 tiny winding
MarkBrushBevels: brush 549 no winding
MarkBrushBevels: brush 549 no winding
MarkBrushBevels: brush 550 no winding
MarkBrushBevels: brush 552 tiny winding
MarkBrushBevels: brush 553 no winding
MarkBrushBevels: brush 553 no winding
MarkBrushBevels: brush 553 no winding
MarkBrushBevels: brush 553 no winding
MarkBrushBevels: brush 555 no winding
MarkBrushBevels: brush 556 tiny winding
MarkBrushBevels: brush 558 tiny winding
MarkBrushBevels: brush 558 no winding
MarkBrushBevels: brush 566 no winding
MarkBrushBevels: brush 567 tiny winding
MarkBrushBevels: brush 569 no winding
MarkBrushBevels: brush 569 tiny winding
MarkBrushBevels: brush 570 tiny winding
MarkBrushBevels: brush 571 tiny winding
MarkBrushBevels: brush 599 tiny winding
MarkBrushBevels: brush 608 no winding
MarkBrushBevels: brush 614 tiny winding
MarkBrushBevels: brush 616 no winding
MarkBrushBevels: brush 639 tiny winding
MarkBrushBevels: brush 639 tiny winding
MarkBrushBevels: brush 639 tiny winding
MarkBrushBevels: brush 641 tiny winding
MarkBrushBevels: brush 641 tiny winding
MarkBrushBevels: brush 641 no winding
MarkBrushBevels: brush 642 tiny winding
MarkBrushBevels: brush 642 tiny winding
MarkBrushBevels: brush 643 no winding
MarkBrushBevels: brush 643 tiny winding
MarkBrushBevels: brush 644 tiny winding
MarkBrushBevels: brush 644 no winding
MarkBrushBevels: brush 644 tiny winding
MarkBrushBevels: brush 646 tiny winding
MarkBrushBevels: brush 646 tiny winding
MarkBrushBevels: brush 646 tiny winding
MarkBrushBevels: brush 646 tiny winding
MarkBrushBevels: brush 647 no winding
MarkBrushBevels: brush 647 tiny winding
MarkBrushBevels: brush 647 tiny winding
MarkBrushBevels: brush 647 no winding
MarkBrushBevels: brush 648 tiny winding
MarkBrushBevels: brush 648 no winding
MarkBrushBevels: brush 648 tiny winding
MarkBrushBevels: brush 648 no winding
MarkBrushBevels: brush 649 tiny winding
MarkBrushBevels: brush 649 tiny winding
MarkBrushBevels: brush 650 tiny winding
MarkBrushBevels: brush 650 no winding
MarkBrushBevels: brush 650 no winding
MarkBrushBevels: brush 650 no winding
MarkBrushBevels: brush 651 no winding
MarkBrushBevels: brush 651 no winding
MarkBrushBevels: brush 651 no winding
MarkBrushBevels: brush 651 tiny winding
MarkBrushBevels: brush 652 no winding
MarkBrushBevels: brush 652 tiny winding
MarkBrushBevels: brush 652 no winding
MarkBrushBevels: brush 652 tiny winding
MarkBrushBevels: brush 653 tiny winding
MarkBrushBevels: brush 653 tiny winding
MarkBrushBevels: brush 654 no winding
MarkBrushBevels: brush 654 no winding
MarkBrushBevels: brush 654 tiny winding
MarkBrushBevels: brush 654 no winding
MarkBrushBevels: brush 655 tiny winding
MarkBrushBevels: brush 655 tiny winding
MarkBrushBevels: brush 655 tiny winding
MarkBrushBevels: brush 655 tiny winding
MarkBrushBevels: brush 656 tiny winding
MarkBrushBevels: brush 656 no winding
MarkBrushBevels: brush 656 no winding
MarkBrushBevels: brush 656 no winding
MarkBrushBevels: brush 657 no winding
MarkBrushBevels: brush 657 no winding
MarkBrushBevels: brush 658 tiny winding
MarkBrushBevels: brush 658 no winding
MarkBrushBevels: brush 658 tiny winding
MarkBrushBevels: brush 658 tiny winding
MarkBrushBevels: brush 659 tiny winding
MarkBrushBevels: brush 659 tiny winding
MarkBrushBevels: brush 659 tiny winding
MarkBrushBevels: brush 659 tiny winding
MarkBrushBevels: brush 660 no winding
MarkBrushBevels: brush 660 no winding
MarkBrushBevels: brush 660 no winding
MarkBrushBevels: brush 660 tiny winding
MarkBrushBevels: brush 661 tiny winding
MarkBrushBevels: brush 661 no winding
MarkBrushBevels: brush 665 no winding
MarkBrushBevels: brush 665 no winding
MarkBrushBevels: brush 665 tiny winding
MarkBrushBevels: brush 665 tiny winding
MarkBrushBevels: brush 671 no winding
MarkBrushBevels: brush 672 no winding
MarkBrushBevels: brush 673 tiny winding
MarkBrushBevels: brush 673 no winding
MarkBrushBevels: brush 685 tiny winding
MarkBrushBevels: brush 685 no winding
MarkBrushBevels: brush 685 no winding
MarkBrushBevels: brush 685 no winding
MarkBrushBevels: brush 686 tiny winding
MarkBrushBevels: brush 686 no winding
MarkBrushBevels: brush 686 no winding
MarkBrushBevels: brush 686 tiny winding
MarkBrushBevels: brush 687 tiny winding
MarkBrushBevels: brush 687 tiny winding
MarkBrushBevels: brush 687 no winding
MarkBrushBevels: brush 687 tiny winding
MarkBrushBevels: brush 691 no winding
MarkBrushBevels: brush 692 no winding
MarkBrushBevels: brush 692 no winding
MarkBrushBevels: brush 693 no winding
MarkBrushBevels: brush 693 tiny winding
MarkBrushBevels: brush 694 tiny winding
MarkBrushBevels: brush 695 no winding
MarkBrushBevels: brush 697 no winding
MarkBrushBevels: brush 698 no winding
MarkBrushBevels: brush 699 tiny winding
MarkBrushBevels: brush 706 no winding
MarkBrushBevels: brush 706 no winding
MarkBrushBevels: brush 711 tiny winding
MarkBrushBevels: brush 712 tiny winding
MarkBrushBevels: brush 714 tiny winding
MarkBrushBevels: brush 714 tiny winding
MarkBrushBevels: brush 715 tiny winding
MarkBrushBevels: brush 715 tiny winding
MarkBrushBevels: brush 718 no winding
MarkBrushBevels: brush 719 no winding
MarkBrushBevels: brush 721 no winding
MarkBrushBevels: brush 721 no winding
MarkBrushBevels: brush 722 no winding
MarkBrushBevels: brush 722 no winding
MarkBrushBevels: brush 728 tiny winding
MarkBrushBevels: brush 728 no winding
MarkBrushBevels: brush 729 no winding
MarkBrushBevels: brush 729 tiny winding
MarkBrushBevels: brush 730 no winding
MarkBrushBevels: brush 731 no winding
MarkBrushBevels: brush 732 tiny winding
MarkBrushBevels: brush 733 tiny winding
MarkBrushBevels: brush 734 tiny winding
MarkBrushBevels: brush 737 no winding
MarkBrushBevels: brush 738 tiny winding
MarkBrushBevels: brush 739 tiny winding
MarkBrushBevels: brush 739 no winding
MarkBrushBevels: brush 741 tiny winding
MarkBrushBevels: brush 742 no winding
MarkBrushBevels: brush 743 tiny winding
MarkBrushBevels: brush 748 tiny winding
MarkBrushBevels: brush 748 no winding
MarkBrushBevels: brush 748 tiny winding
MarkBrushBevels: brush 749 tiny winding
MarkBrushBevels: brush 749 no winding
MarkBrushBevels: brush 749 no winding
MarkBrushBevels: brush 749 no winding
MarkBrushBevels: brush 750 no winding
MarkBrushBevels: brush 750 no winding
MarkBrushBevels: brush 750 no winding
MarkBrushBevels: brush 750 no winding
MarkBrushBevels: brush 751 no winding
MarkBrushBevels: brush 751 no winding
MarkBrushBevels: brush 751 tiny winding
MarkBrushBevels: brush 754 tiny winding
MarkBrushBevels: brush 754 no winding
MarkBrushBevels: brush 754 tiny winding
MarkBrushBevels: brush 755 tiny winding
MarkBrushBevels: brush 755 tiny winding
MarkBrushBevels: brush 755 tiny winding
MarkBrushBevels: brush 755 tiny winding
MarkBrushBevels: brush 756 no winding
MarkBrushBevels: brush 756 tiny winding
MarkBrushBevels: brush 756 no winding
MarkBrushBevels: brush 756 no winding
MarkBrushBevels: brush 757 no winding
MarkBrushBevels: brush 757 tiny winding
MarkBrushBevels: brush 757 no winding
MarkBrushBevels: brush 758 no winding
MarkBrushBevels: brush 758 tiny winding
MarkBrushBevels: brush 758 tiny winding
MarkBrushBevels: brush 759 no winding
MarkBrushBevels: brush 759 tiny winding
MarkBrushBevels: brush 759 no winding
MarkBrushBevels: brush 759 no winding
MarkBrushBevels: brush 760 tiny winding
MarkBrushBevels: brush 760 tiny winding
MarkBrushBevels: brush 760 tiny winding
MarkBrushBevels: brush 760 tiny winding
MarkBrushBevels: brush 761 tiny winding
MarkBrushBevels: brush 761 tiny winding
MarkBrushBevels: brush 761 tiny winding
MarkBrushBevels: brush 765 no winding
MarkBrushBevels: brush 765 no winding
MarkBrushBevels: brush 766 tiny winding
MarkBrushBevels: brush 766 tiny winding
MarkBrushBevels: brush 767 tiny winding
MarkBrushBevels: brush 767 tiny winding
MarkBrushBevels: brush 768 tiny winding
MarkBrushBevels: brush 768 tiny winding
MarkBrushBevels: brush 769 tiny winding
MarkBrushBevels: brush 769 tiny winding
MarkBrushBevels: brush 770 tiny winding
MarkBrushBevels: brush 770 tiny winding
MarkBrushBevels: brush 781 no winding
MarkBrushBevels: brush 782 no winding
MarkBrushBevels: brush 783 no winding
MarkBrushBevels: brush 784 no winding
MarkBrushBevels: brush 786 tiny winding
MarkBrushBevels: brush 787 no winding
MarkBrushBevels: brush 787 no winding
MarkBrushBevels: brush 788 tiny winding
MarkBrushBevels: brush 788 no winding
MarkBrushBevels: brush 788 no winding
MarkBrushBevels: brush 789 tiny winding
MarkBrushBevels: brush 789 no winding
MarkBrushBevels: brush 790 tiny winding
MarkBrushBevels: brush 790 tiny winding
MarkBrushBevels: brush 790 tiny winding
MarkBrushBevels: brush 791 no winding
MarkBrushBevels: brush 792 no winding
MarkBrushBevels: brush 792 no winding
MarkBrushBevels: brush 792 no winding
MarkBrushBevels: brush 793 no winding
MarkBrushBevels: brush 793 tiny winding
MarkBrushBevels: brush 793 tiny winding
MarkBrushBevels: brush 794 no winding
MarkBrushBevels: brush 794 no winding
MarkBrushBevels: brush 794 no winding
MarkBrushBevels: brush 795 no winding
MarkBrushBevels: brush 795 no winding
MarkBrushBevels: brush 796 tiny winding
MarkBrushBevels: brush 796 tiny winding
MarkBrushBevels: brush 796 tiny winding
MarkBrushBevels: brush 797 no winding
MarkBrushBevels: brush 797 no winding
MarkBrushBevels: brush 797 tiny winding
MarkBrushBevels: brush 798 tiny winding
MarkBrushBevels: brush 798 no winding
MarkBrushBevels: brush 799 no winding
MarkBrushBevels: brush 799 tiny winding
MarkBrushBevels: brush 799 tiny winding
MarkBrushBevels: brush 803 tiny winding
MarkBrushBevels: brush 803 tiny winding
MarkBrushBevels: brush 808 no winding
MarkBrushBevels: brush 813 no winding
MarkBrushBevels: brush 818 no winding
MarkBrushBevels: brush 819 no winding
MarkBrushBevels: brush 825 no winding
MarkBrushBevels: brush 830 no winding
MarkBrushBevels: brush 830 no winding
MarkBrushBevels: brush 830 tiny winding
MarkBrushBevels: brush 830 tiny winding
MarkBrushBevels: brush 830 tiny winding
MarkBrushBevels: brush 830 tiny winding
MarkBrushBevels: brush 830 tiny winding
MarkBrushBevels: brush 833 tiny winding
MarkBrushBevels: brush 833 tiny winding
MarkBrushBevels: brush 833 tiny winding
MarkBrushBevels: brush 834 no winding
MarkBrushBevels: brush 834 no winding
MarkBrushBevels: brush 834 no winding
MarkBrushBevels: brush 835 no winding
MarkBrushBevels: brush 836 tiny winding
MarkBrushBevels: brush 836 tiny winding
MarkBrushBevels: brush 836 tiny winding
MarkBrushBevels: brush 837 no winding
MarkBrushBevels: brush 837 no winding
MarkBrushBevels: brush 838 tiny winding
MarkBrushBevels: brush 838 tiny winding
MarkBrushBevels: brush 838 no winding
MarkBrushBevels: brush 839 no winding
MarkBrushBevels: brush 839 no winding
MarkBrushBevels: brush 840 no winding
MarkBrushBevels: brush 841 no winding
MarkBrushBevels: brush 841 tiny winding
MarkBrushBevels: brush 847 tiny winding
MarkBrushBevels: brush 849 no winding
MarkBrushBevels: brush 852 no winding
MarkBrushBevels: brush 853 tiny winding
MarkBrushBevels: brush 853 tiny winding
MarkBrushBevels: brush 888 tiny winding
MarkBrushBevels: brush 888 tiny winding
MarkBrushBevels: brush 888 tiny winding
MarkBrushBevels: brush 889 no winding
MarkBrushBevels: brush 889 tiny winding
MarkBrushBevels: brush 889 no winding
MarkBrushBevels: brush 890 tiny winding
MarkBrushBevels: brush 890 tiny winding
MarkBrushBevels: brush 891 no winding
MarkBrushBevels: brush 891 no winding
MarkBrushBevels: brush 892 no winding
MarkBrushBevels: brush 893 no winding
MarkBrushBevels: brush 893 tiny winding
MarkBrushBevels: brush 894 tiny winding
MarkBrushBevels: brush 894 tiny winding
MarkBrushBevels: brush 895 no winding
MarkBrushBevels: brush 898 no winding
MarkBrushBevels: brush 966 tiny winding
MarkBrushBevels: brush 966 tiny winding
MarkBrushBevels: brush 967 no winding
MarkBrushBevels: brush 967 no winding
MarkBrushBevels: brush 968 tiny winding
MarkBrushBevels: brush 968 tiny winding
MarkBrushBevels: brush 969 tiny winding
MarkBrushBevels: brush 969 tiny winding
MarkBrushBevels: brush 970 no winding
MarkBrushBevels: brush 970 no winding
MarkBrushBevels: brush 971 no winding
MarkBrushBevels: brush 971 no winding
MarkBrushBevels: brush 979 no winding
MarkBrushBevels: brush 979 no winding
MarkBrushBevels: brush 979 no winding
MarkBrushBevels: brush 980 tiny winding
MarkBrushBevels: brush 980 tiny winding
MarkBrushBevels: brush 980 tiny winding
MarkBrushBevels: brush 980 no winding
MarkBrushBevels: brush 980 tiny winding
MarkBrushBevels: brush 981 no winding
MarkBrushBevels: brush 981 no winding
MarkBrushBevels: brush 982 no winding
MarkBrushBevels: brush 982 tiny winding
MarkBrushBevels: brush 982 tiny winding
MarkBrushBevels: brush 983 tiny winding
MarkBrushBevels: brush 984 no winding
MarkBrushBevels: brush 984 tiny winding
MarkBrushBevels: brush 984 no winding
MarkBrushBevels: brush 984 no winding
MarkBrushBevels: brush 984 tiny winding
MarkBrushBevels: brush 985 tiny winding
MarkBrushBevels: brush 986 no winding
MarkBrushBevels: brush 987 no winding
MarkBrushBevels: brush 987 tiny winding
MarkBrushBevels: brush 987 tiny winding
MarkBrushBevels: brush 988 tiny winding
MarkBrushBevels: brush 988 no winding
MarkBrushBevels: brush 988 no winding
MarkBrushBevels: brush 988 tiny winding
MarkBrushBevels: brush 988 no winding
MarkBrushBevels: brush 989 no winding
MarkBrushBevels: brush 989 no winding
MarkBrushBevels: brush 989 no winding
MarkBrushBevels: brush 989 no winding
MarkBrushBevels: brush 989 tiny winding
MarkBrushBevels: brush 989 tiny winding
MarkBrushBevels: brush 989 tiny winding
MarkBrushBevels: brush 989 no winding
MarkBrushBevels: brush 989 no winding
MarkBrushBevels: brush 990 no winding
MarkBrushBevels: brush 990 no winding
MarkBrushBevels: brush 990 no winding
MarkBrushBevels: brush 990 no winding
MarkBrushBevels: brush 991 tiny winding
MarkBrushBevels: brush 991 no winding
MarkBrushBevels: brush 991 no winding
MarkBrushBevels: brush 991 no winding
MarkBrushBevels: brush 992 no winding
MarkBrushBevels: brush 992 tiny winding
MarkBrushBevels: brush 993 tiny winding
MarkBrushBevels: brush 993 tiny winding
MarkBrushBevels: brush 993 tiny winding
MarkBrushBevels: brush 993 tiny winding
MarkBrushBevels: brush 994 tiny winding
MarkBrushBevels: brush 994 tiny winding
MarkBrushBevels: brush 994 no winding
MarkBrushBevels: brush 995 tiny winding
MarkBrushBevels: brush 995 no winding
MarkBrushBevels: brush 995 tiny winding
MarkBrushBevels: brush 996 tiny winding
MarkBrushBevels: brush 996 tiny winding
MarkBrushBevels: brush 996 no winding
MarkBrushBevels: brush 997 tiny winding
MarkBrushBevels: brush 997 no winding
MarkBrushBevels: brush 997 tiny winding
MarkBrushBevels: brush 997 tiny winding
MarkBrushBevels: brush 998 no winding
MarkBrushBevels: brush 998 no winding
MarkBrushBevels: brush 998 tiny winding
MarkBrushBevels: brush 999 tiny winding
MarkBrushBevels: brush 1000 tiny winding
MarkBrushBevels: brush 1000 no winding
MarkBrushBevels: brush 1000 tiny winding
MarkBrushBevels: brush 1001 no winding
MarkBrushBevels: brush 1001 no winding
MarkBrushBevels: brush 1001 no winding
MarkBrushBevels: brush 1001 no winding
MarkBrushBevels: brush 1002 tiny winding
MarkBrushBevels: brush 1002 no winding
MarkBrushBevels: brush 1002 no winding
MarkBrushBevels: brush 1002 no winding
MarkBrushBevels: brush 1002 no winding
MarkBrushBevels: brush 1002 tiny winding
MarkBrushBevels: brush 1002 tiny winding
MarkBrushBevels: brush 1002 tiny winding
MarkBrushBevels: brush 1002 tiny winding
MarkBrushBevels: brush 1002 no winding
MarkBrushBevels: brush 1003 no winding
MarkBrushBevels: brush 1003 no winding
MarkBrushBevels: brush 1003 tiny winding
MarkBrushBevels: brush 1003 tiny winding
MarkBrushBevels: brush 1003 tiny winding
MarkBrushBevels: brush 1003 tiny winding
MarkBrushBevels: brush 1003 tiny winding
MarkBrushBevels: brush 1003 no winding
MarkBrushBevels: brush 1003 tiny winding
MarkBrushBevels: brush 1003 tiny winding
MarkBrushBevels: brush 1003 tiny winding
MarkBrushBevels: brush 1004 no winding
MarkBrushBevels: brush 1004 tiny winding
MarkBrushBevels: brush 1004 no winding
MarkBrushBevels: brush 1004 no winding
MarkBrushBevels: brush 1004 no winding
MarkBrushBevels: brush 1004 no winding
MarkBrushBevels: brush 1004 tiny winding
MarkBrushBevels: brush 1004 tiny winding
MarkBrushBevels: brush 1004 tiny winding
MarkBrushBevels: brush 1004 no winding
MarkBrushBevels: brush 1005 tiny winding
MarkBrushBevels: brush 1005 no winding
MarkBrushBevels: brush 1005 no winding
MarkBrushBevels: brush 1005 no winding
MarkBrushBevels: brush 1005 no winding
MarkBrushBevels: brush 1005 no winding
MarkBrushBevels: brush 1005 no winding
MarkBrushBevels: brush 1005 no winding
MarkBrushBevels: brush 1005 tiny winding
MarkBrushBevels: brush 1005 no winding
MarkBrushBevels: brush 1007 no winding
MarkBrushBevels: brush 1007 no winding
MarkBrushBevels: brush 1007 tiny winding
MarkBrushBevels: brush 1007 tiny winding
MarkBrushBevels: brush 1007 no winding
MarkBrushBevels: brush 1007 no winding
MarkBrushBevels: brush 1007 tiny winding
MarkBrushBevels: brush 1007 tiny winding
MarkBrushBevels: brush 1007 tiny winding
MarkBrushBevels: brush 1008 no winding
MarkBrushBevels: brush 1008 no winding
MarkBrushBevels: brush 1009 no winding
MarkBrushBevels: brush 1009 no winding
MarkBrushBevels: brush 1010 no winding
MarkBrushBevels: brush 1010 tiny winding
MarkBrushBevels: brush 1010 no winding
MarkBrushBevels: brush 1012 no winding
MarkBrushBevels: brush 1013 tiny winding
MarkBrushBevels: brush 1013 tiny winding
MarkBrushBevels: brush 1014 no winding
MarkBrushBevels: brush 1014 no winding
MarkBrushBevels: brush 1015 tiny winding
MarkBrushBevels: brush 1015 no winding
MarkBrushBevels: brush 1015 no winding
MarkBrushBevels: brush 1015 tiny winding
MarkBrushBevels: brush 1016 no winding
MarkBrushBevels: brush 1016 tiny winding
MarkBrushBevels: brush 1016 tiny winding
MarkBrushBevels: brush 1016 no winding
MarkBrushBevels: brush 1017 no winding
MarkBrushBevels: brush 1017 tiny winding
MarkBrushBevels: brush 1017 no winding
MarkBrushBevels: brush 1017 no winding
MarkBrushBevels: brush 1018 no winding
MarkBrushBevels: brush 1018 no winding
MarkBrushBevels: brush 1019 tiny winding
MarkBrushBevels: brush 1019 no winding
MarkBrushBevels: brush 1019 tiny winding
MarkBrushBevels: brush 1019 tiny winding
MarkBrushBevels: brush 1020 tiny winding
MarkBrushBevels: brush 1020 no winding
MarkBrushBevels: brush 1020 no winding
MarkBrushBevels: brush 1020 no winding
MarkBrushBevels: brush 1021 no winding
MarkBrushBevels: brush 1021 no winding
MarkBrushBevels: brush 1021 no winding
MarkBrushBevels: brush 1021 no winding
MarkBrushBevels: brush 1022 no winding
MarkBrushBevels: brush 1023 tiny winding
MarkBrushBevels: brush 1024 tiny winding
MarkBrushBevels: brush 1024 no winding
MarkBrushBevels: brush 1025 tiny winding
MarkBrushBevels: brush 1025 no winding
MarkBrushBevels: brush 1026 tiny winding
MarkBrushBevels: brush 1026 no winding
MarkBrushBevels: brush 1027 tiny winding
MarkBrushBevels: brush 1027 tiny winding
MarkBrushBevels: brush 1028 tiny winding
MarkBrushBevels: brush 1028 tiny winding
MarkBrushBevels: brush 1029 tiny winding
MarkBrushBevels: brush 1029 tiny winding
MarkBrushBevels: brush 1030 tiny winding
MarkBrushBevels: brush 1030 tiny winding
MarkBrushBevels: brush 1031 tiny winding
MarkBrushBevels: brush 1031 tiny winding
MarkBrushBevels: brush 1032 tiny winding
MarkBrushBevels: brush 1032 tiny winding
MarkBrushBevels: brush 1032 tiny winding
MarkBrushBevels: brush 1033 no winding
MarkBrushBevels: brush 1033 tiny winding
MarkBrushBevels: brush 1033 tiny winding
MarkBrushBevels: brush 1034 tiny winding
MarkBrushBevels: brush 1035 no winding
MarkBrushBevels: brush 1035 no winding
MarkBrushBevels: brush 1035 no winding
MarkBrushBevels: brush 1035 no winding
MarkBrushBevels: brush 1036 tiny winding
MarkBrushBevels: brush 1036 no winding
MarkBrushBevels: brush 1036 tiny winding
MarkBrushBevels: brush 1036 no winding
MarkBrushBevels: brush 1037 tiny winding
MarkBrushBevels: brush 1037 tiny winding
MarkBrushBevels: brush 1037 tiny winding
MarkBrushBevels: brush 1037 tiny winding
MarkBrushBevels: brush 1038 no winding
MarkBrushBevels: brush 1038 no winding
MarkBrushBevels: brush 1039 tiny winding
MarkBrushBevels: brush 1039 no winding
MarkBrushBevels: brush 1039 no winding
MarkBrushBevels: brush 1039 tiny winding
MarkBrushBevels: brush 1040 tiny winding
MarkBrushBevels: brush 1040 tiny winding
MarkBrushBevels: brush 1040 no winding
MarkBrushBevels: brush 1040 tiny winding
MarkBrushBevels: brush 1041 tiny winding
MarkBrushBevels: brush 1041 tiny winding
MarkBrushBevels: brush 1041 tiny winding
MarkBrushBevels: brush 1041 tiny winding
MarkBrushBevels: brush 1042 no winding
MarkBrushBevels: brush 1044 no winding
MarkBrushBevels: brush 1045 no winding
MarkBrushBevels: brush 1045 no winding
MarkBrushBevels: brush 1045 no winding
MarkBrushBevels: brush 1045 no winding
MarkBrushBevels: brush 1046 tiny winding
MarkBrushBevels: brush 1046 no winding
MarkBrushBevels: brush 1046 tiny winding
MarkBrushBevels: brush 1046 no winding
MarkBrushBevels: brush 1047 tiny winding
MarkBrushBevels: brush 1047 tiny winding
MarkBrushBevels: brush 1047 tiny winding
MarkBrushBevels: brush 1047 tiny winding
MarkBrushBevels: brush 1048 no winding
MarkBrushBevels: brush 1048 no winding
MarkBrushBevels: brush 1049 tiny winding
MarkBrushBevels: brush 1049 tiny winding
MarkBrushBevels: brush 1049 tiny winding
MarkBrushBevels: brush 1049 tiny winding
MarkBrushBevels: brush 1050 no winding
MarkBrushBevels: brush 1050 no winding
MarkBrushBevels: brush 1050 no winding
MarkBrushBevels: brush 1050 no winding
MarkBrushBevels: brush 1051 tiny winding
MarkBrushBevels: brush 1051 no winding
MarkBrushBevels: brush 1051 tiny winding
MarkBrushBevels: brush 1051 tiny winding
MarkBrushBevels: brush 1052 no winding
MarkBrushBevels: brush 1053 tiny winding
MarkBrushBevels: brush 1053 tiny winding
MarkBrushBevels: brush 1054 tiny winding
MarkBrushBevels: brush 1054 tiny winding
MarkBrushBevels: brush 1054 tiny winding
MarkBrushBevels: brush 1055 tiny winding
MarkBrushBevels: brush 1055 tiny winding
MarkBrushBevels: brush 1056 tiny winding
MarkBrushBevels: brush 1056 tiny winding
MarkBrushBevels: brush 1056 tiny winding
MarkBrushBevels: brush 1057 no winding
MarkBrushBevels: brush 1057 no winding
MarkBrushBevels: brush 1057 no winding
MarkBrushBevels: brush 1058 no winding
MarkBrushBevels: brush 1058 no winding
MarkBrushBevels: brush 1059 no winding
MarkBrushBevels: brush 1059 no winding
MarkBrushBevels: brush 1059 no winding
MarkBrushBevels: brush 1060 tiny winding
MarkBrushBevels: brush 1060 tiny winding
MarkBrushBevels: brush 1061 no winding
MarkBrushBevels: brush 1062 tiny winding
MarkBrushBevels: brush 1062 no winding
MarkBrushBevels: brush 1062 tiny winding
MarkBrushBevels: brush 1062 no winding
MarkBrushBevels: brush 1063 no winding
MarkBrushBevels: brush 1063 no winding
MarkBrushBevels: brush 1063 no winding
MarkBrushBevels: brush 1063 no winding
MarkBrushBevels: brush 1064 tiny winding
MarkBrushBevels: brush 1064 no winding
MarkBrushBevels: brush 1064 tiny winding
MarkBrushBevels: brush 1064 no winding
MarkBrushBevels: brush 1065 no winding
MarkBrushBevels: brush 1065 no winding
MarkBrushBevels: brush 1066 tiny winding
MarkBrushBevels: brush 1066 tiny winding
MarkBrushBevels: brush 1066 tiny winding
MarkBrushBevels: brush 1066 tiny winding
MarkBrushBevels: brush 1067 tiny winding
MarkBrushBevels: brush 1067 no winding
MarkBrushBevels: brush 1067 no winding
MarkBrushBevels: brush 1067 no winding
MarkBrushBevels: brush 1068 no winding
MarkBrushBevels: brush 1068 no winding
MarkBrushBevels: brush 1068 no winding
MarkBrushBevels: brush 1068 no winding
MarkBrushBevels: brush 1069 no winding
MarkBrushBevels: brush 1070 no winding
MarkBrushBevels: brush 1070 no winding
MarkBrushBevels: brush 1071 tiny winding
MarkBrushBevels: brush 1071 tiny winding
MarkBrushBevels: brush 1071 no winding
MarkBrushBevels: brush 1072 tiny winding
MarkBrushBevels: brush 1072 tiny winding
MarkBrushBevels: brush 1073 tiny winding
MarkBrushBevels: brush 1073 tiny winding
MarkBrushBevels: brush 1073 no winding
MarkBrushBevels: brush 1074 no winding
MarkBrushBevels: brush 1074 tiny winding
MarkBrushBevels: brush 1076 tiny winding
MarkBrushBevels: brush 1076 no winding
MarkBrushBevels: brush 1076 tiny winding
MarkBrushBevels: brush 1077 no winding
MarkBrushBevels: brush 1077 tiny winding
MarkBrushBevels: brush 1078 no winding
MarkBrushBevels: brush 1078 no winding
MarkBrushBevels: brush 1079 tiny winding
MarkBrushBevels: brush 1079 tiny winding
MarkBrushBevels: brush 1079 tiny winding
MarkBrushBevels: brush 1081 no winding
MarkBrushBevels: brush 1081 no winding
MarkBrushBevels: brush 1081 no winding
MarkBrushBevels: brush 1081 no winding
MarkBrushBevels: brush 1082 tiny winding
MarkBrushBevels: brush 1082 no winding
MarkBrushBevels: brush 1082 no winding
MarkBrushBevels: brush 1083 no winding
MarkBrushBevels: brush 1083 no winding
MarkBrushBevels: brush 1083 no winding
MarkBrushBevels: brush 1085 no winding
MarkBrushBevels: brush 1085 no winding
MarkBrushBevels: brush 1085 tiny winding
MarkBrushBevels: brush 1086 tiny winding
MarkBrushBevels: brush 1087 no winding
MarkBrushBevels: brush 1087 no winding
MarkBrushBevels: brush 1087 tiny winding
MarkBrushBevels: brush 1088 tiny winding
MarkBrushBevels: brush 1088 tiny winding
MarkBrushBevels: brush 1088 tiny winding
MarkBrushBevels: brush 1088 tiny winding
MarkBrushBevels: brush 1089 no winding
MarkBrushBevels: brush 1089 tiny winding
MarkBrushBevels: brush 1089 no winding
MarkBrushBevels: brush 1089 no winding
MarkBrushBevels: brush 1090 no winding
MarkBrushBevels: brush 1090 tiny winding
MarkBrushBevels: brush 1090 no winding
MarkBrushBevels: brush 1090 tiny winding
MarkBrushBevels: brush 1091 no winding
MarkBrushBevels: brush 1091 no winding
MarkBrushBevels: brush 1091 no winding
MarkBrushBevels: brush 1092 tiny winding
MarkBrushBevels: brush 1092 no winding
MarkBrushBevels: brush 1092 tiny winding
MarkBrushBevels: brush 1092 no winding
MarkBrushBevels: brush 1093 tiny winding
MarkBrushBevels: brush 1093 tiny winding
MarkBrushBevels: brush 1093 tiny winding
MarkBrushBevels: brush 1093 no winding
MarkBrushBevels: brush 1094 tiny winding
MarkBrushBevels: brush 1094 no winding
MarkBrushBevels: brush 1094 tiny winding
MarkBrushBevels: brush 1094 no winding
MarkBrushBevels: brush 1096 no winding
MarkBrushBevels: brush 1096 no winding
MarkBrushBevels: brush 1097 no winding
MarkBrushBevels: brush 1097 tiny winding
MarkBrushBevels: brush 1097 tiny winding
MarkBrushBevels: brush 1097 tiny winding
MarkBrushBevels: brush 1098 no winding
MarkBrushBevels: brush 1098 no winding
MarkBrushBevels: brush 1098 no winding
MarkBrushBevels: brush 1099 no winding
MarkBrushBevels: brush 1099 no winding
MarkBrushBevels: brush 1099 tiny winding
MarkBrushBevels: brush 1100 tiny winding
MarkBrushBevels: brush 1100 tiny winding
MarkBrushBevels: brush 1100 tiny winding
MarkBrushBevels: brush 1100 no winding
MarkBrushBevels: brush 1101 tiny winding
MarkBrushBevels: brush 1101 tiny winding
MarkBrushBevels: brush 1102 tiny winding
MarkBrushBevels: brush 1102 no winding
MarkBrushBevels: brush 1103 no winding
MarkBrushBevels: brush 1103 no winding
MarkBrushBevels: brush 1103 no winding
MarkBrushBevels: brush 1103 no winding
MarkBrushBevels: brush 1104 tiny winding
MarkBrushBevels: brush 1104 tiny winding
MarkBrushBevels: brush 1105 no winding
MarkBrushBevels: brush 1105 tiny winding
MarkBrushBevels: brush 1109 tiny winding
MarkBrushBevels: brush 1109 tiny winding
MarkBrushBevels: brush 1109 tiny winding
MarkBrushBevels: brush 1110 no winding
MarkBrushBevels: brush 1110 no winding
MarkBrushBevels: brush 1110 no winding
MarkBrushBevels: brush 1112 no winding
MarkBrushBevels: brush 1112 no winding
MarkBrushBevels: brush 1112 tiny winding
MarkBrushBevels: brush 1113 no winding
MarkBrushBevels: brush 1113 no winding
MarkBrushBevels: brush 1113 no winding
MarkBrushBevels: brush 1117 no winding
MarkBrushBevels: brush 1117 tiny winding
MarkBrushBevels: brush 1117 tiny winding
MarkBrushBevels: brush 1117 no winding
MarkBrushBevels: brush 1118 no winding
MarkBrushBevels: brush 1118 tiny winding
MarkBrushBevels: brush 1118 tiny winding
MarkBrushBevels: brush 1118 no winding
MarkBrushBevels: brush 1119 no winding
MarkBrushBevels: brush 1119 tiny winding
MarkBrushBevels: brush 1119 no winding
MarkBrushBevels: brush 1119 no winding
MarkBrushBevels: brush 1120 no winding
MarkBrushBevels: brush 1120 tiny winding
MarkBrushBevels: brush 1121 no winding
MarkBrushBevels: brush 1121 tiny winding
MarkBrushBevels: brush 1121 no winding
MarkBrushBevels: brush 1121 tiny winding
MarkBrushBevels: brush 1123 tiny winding
MarkBrushBevels: brush 1123 tiny winding
MarkBrushBevels: brush 1123 no winding
MarkBrushBevels: brush 1123 tiny winding
MarkBrushBevels: brush 1124 tiny winding
MarkBrushBevels: brush 1124 no winding
MarkBrushBevels: brush 1124 tiny winding
MarkBrushBevels: brush 1126 tiny winding
MarkBrushBevels: brush 1130 tiny winding
MarkBrushBevels: brush 1130 no winding
MarkBrushBevels: brush 1131 tiny winding
MarkBrushBevels: brush 1132 no winding
MarkBrushBevels: brush 1132 no winding
MarkBrushBevels: brush 1132 no winding
MarkBrushBevels: brush 1132 no winding
MarkBrushBevels: brush 1133 no winding
MarkBrushBevels: brush 1133 tiny winding
MarkBrushBevels: brush 1133 tiny winding
MarkBrushBevels: brush 1133 tiny winding
MarkBrushBevels: brush 1134 tiny winding
MarkBrushBevels: brush 1134 tiny winding
MarkBrushBevels: brush 1134 tiny winding
MarkBrushBevels: brush 1135 tiny winding
MarkBrushBevels: brush 1136 no winding
MarkBrushBevels: brush 1136 no winding
MarkBrushBevels: brush 1136 no winding
MarkBrushBevels: brush 1136 no winding
MarkBrushBevels: brush 1137 tiny winding
MarkBrushBevels: brush 1137 tiny winding
MarkBrushBevels: brush 1137 tiny winding
MarkBrushBevels: brush 1138 no winding
MarkBrushBevels: brush 1140 no winding
MarkBrushBevels: brush 1142 tiny winding
MarkBrushBevels: brush 1142 tiny winding
MarkBrushBevels: brush 1142 tiny winding
MarkBrushBevels: brush 1143 tiny winding
MarkBrushBevels: brush 1143 no winding
MarkBrushBevels: brush 1143 tiny winding
MarkBrushBevels: brush 1145 no winding
MarkBrushBevels: brush 1146 no winding
MarkBrushBevels: brush 1146 no winding
MarkBrushBevels: brush 1146 tiny winding
MarkBrushBevels: brush 1147 no winding
MarkBrushBevels: brush 1147 no winding
MarkBrushBevels: brush 1147 no winding
MarkBrushBevels: brush 1147 no winding
MarkBrushBevels: brush 1147 tiny winding
MarkBrushBevels: brush 1148 no winding
MarkBrushBevels: brush 1148 no winding
MarkBrushBevels: brush 1148 no winding
MarkBrushBevels: brush 1148 tiny winding
MarkBrushBevels: brush 1150 tiny winding
MarkBrushBevels: brush 1150 tiny winding
MarkBrushBevels: brush 1150 no winding
MarkBrushBevels: brush 1150 tiny winding
MarkBrushBevels: brush 1150 no winding
MarkBrushBevels: brush 1150 tiny winding
MarkBrushBevels: brush 1150 no winding
MarkBrushBevels: brush 1151 no winding
MarkBrushBevels: brush 1151 no winding
MarkBrushBevels: brush 1152 tiny winding
MarkBrushBevels: brush 1152 tiny winding
MarkBrushBevels: brush 1153 tiny winding
MarkBrushBevels: brush 1153 tiny winding
MarkBrushBevels: brush 1153 tiny winding
MarkBrushBevels: brush 1153 no winding
MarkBrushBevels: brush 1154 tiny winding
MarkBrushBevels: brush 1154 no winding
MarkBrushBevels: brush 1154 tiny winding
MarkBrushBevels: brush 1154 tiny winding
MarkBrushBevels: brush 1154 no winding
MarkBrushBevels: brush 1154 tiny winding
MarkBrushBevels: brush 1154 tiny winding
MarkBrushBevels: brush 1155 tiny winding
MarkBrushBevels: brush 1155 tiny winding
MarkBrushBevels: brush 1155 tiny winding
MarkBrushBevels: brush 1155 no winding
MarkBrushBevels: brush 1156 tiny winding
MarkBrushBevels: brush 1160 tiny winding
MarkBrushBevels: brush 1160 tiny winding
MarkBrushBevels: brush 1160 tiny winding
MarkBrushBevels: brush 1160 tiny winding
MarkBrushBevels: brush 1161 tiny winding
MarkBrushBevels: brush 1161 no winding
MarkBrushBevels: brush 1162 no winding
MarkBrushBevels: brush 1162 no winding
MarkBrushBevels: brush 1162 no winding
MarkBrushBevels: brush 1163 no winding
MarkBrushBevels: brush 1163 tiny winding
MarkBrushBevels: brush 1163 tiny winding
MarkBrushBevels: brush 1163 tiny winding
MarkBrushBevels: brush 1164 tiny winding
MarkBrushBevels: brush 1164 no winding
MarkBrushBevels: brush 1164 tiny winding
MarkBrushBevels: brush 1165 tiny winding
MarkBrushBevels: brush 1165 no winding
MarkBrushBevels: brush 1165 no winding
MarkBrushBevels: brush 1165 tiny winding
MarkBrushBevels: brush 1166 no winding
MarkBrushBevels: brush 1167 tiny winding
MarkBrushBevels: brush 1167 tiny winding
MarkBrushBevels: brush 1168 tiny winding
MarkBrushBevels: brush 1168 tiny winding
MarkBrushBevels: brush 1169 no winding
MarkBrushBevels: brush 1169 tiny winding
MarkBrushBevels: brush 1169 no winding
MarkBrushBevels: brush 1170 no winding
MarkBrushBevels: brush 1170 tiny winding
MarkBrushBevels: brush 1170 no winding
MarkBrushBevels: brush 1171 no winding
MarkBrushBevels: brush 1171 no winding
MarkBrushBevels: brush 1171 no winding
MarkBrushBevels: brush 1171 tiny winding
MarkBrushBevels: brush 1172 no winding
MarkBrushBevels: brush 1172 no winding
MarkBrushBevels: brush 1172 no winding
MarkBrushBevels: brush 1172 tiny winding
MarkBrushBevels: brush 1173 no winding
MarkBrushBevels: brush 1173 tiny winding
MarkBrushBevels: brush 1174 tiny winding
MarkBrushBevels: brush 1175 tiny winding
MarkBrushBevels: brush 1176 no winding
MarkBrushBevels: brush 1176 tiny winding
MarkBrushBevels: brush 1176 tiny winding
MarkBrushBevels: brush 1176 no winding
MarkBrushBevels: brush 1176 no winding
MarkBrushBevels: brush 1177 no winding
MarkBrushBevels: brush 1177 tiny winding
MarkBrushBevels: brush 1177 tiny winding
MarkBrushBevels: brush 1178 no winding
MarkBrushBevels: brush 1178 tiny winding
MarkBrushBevels: brush 1178 no winding
MarkBrushBevels: brush 1179 tiny winding
MarkBrushBevels: brush 1179 no winding
MarkBrushBevels: brush 1179 tiny winding
MarkBrushBevels: brush 1179 tiny winding
MarkBrushBevels: brush 1180 tiny winding
MarkBrushBevels: brush 1180 no winding
MarkBrushBevels: brush 1180 tiny winding
MarkBrushBevels: brush 1180 tiny winding
MarkBrushBevels: brush 1181 no winding
MarkBrushBevels: brush 1181 tiny winding
MarkBrushBevels: brush 1181 no winding
MarkBrushBevels: brush 1181 tiny winding
MarkBrushBevels: brush 1182 tiny winding
MarkBrushBevels: brush 1182 no winding
MarkBrushBevels: brush 1182 no winding
MarkBrushBevels: brush 1182 no winding
MarkBrushBevels: brush 1183 no winding
MarkBrushBevels: brush 1183 no winding
MarkBrushBevels: brush 1183 no winding
MarkBrushBevels: brush 1183 no winding
MarkBrushBevels: brush 1184 no winding
MarkBrushBevels: brush 1184 tiny winding
MarkBrushBevels: brush 1184 tiny winding
MarkBrushBevels: brush 1184 no winding
MarkBrushBevels: brush 1185 tiny winding
MarkBrushBevels: brush 1185 tiny winding
MarkBrushBevels: brush 1186 no winding
MarkBrushBevels: brush 1186 no winding
MarkBrushBevels: brush 1186 no winding
MarkBrushBevels: brush 1187 no winding
MarkBrushBevels: brush 1187 tiny winding
MarkBrushBevels: brush 1187 tiny winding
MarkBrushBevels: brush 1187 tiny winding
MarkBrushBevels: brush 1188 no winding
MarkBrushBevels: brush 1188 tiny winding
MarkBrushBevels: brush 1188 tiny winding
MarkBrushBevels: brush 1189 tiny winding
MarkBrushBevels: brush 1189 no winding
MarkBrushBevels: brush 1190 no winding
MarkBrushBevels: brush 1190 no winding
MarkBrushBevels: brush 1190 no winding
MarkBrushBevels: brush 1191 no winding
MarkBrushBevels: brush 1192 tiny winding
MarkBrushBevels: brush 1192 tiny winding
MarkBrushBevels: brush 1193 no winding
MarkBrushBevels: brush 1193 tiny winding
MarkBrushBevels: brush 1193 no winding
MarkBrushBevels: brush 1194 no winding
MarkBrushBevels: brush 1194 no winding
MarkBrushBevels: brush 1194 no winding
MarkBrushBevels: brush 1195 no winding
MarkBrushBevels: brush 1195 tiny winding
MarkBrushBevels: brush 1195 tiny winding
MarkBrushBevels: brush 1196 tiny winding
MarkBrushBevels: brush 1196 no winding
MarkBrushBevels: brush 1197 no winding
MarkBrushBevels: brush 1197 tiny winding
MarkBrushBevels: brush 1197 tiny winding
MarkBrushBevels: brush 1198 no winding
MarkBrushBevels: brush 1198 tiny winding
MarkBrushBevels: brush 1198 tiny winding
MarkBrushBevels: brush 1199 no winding
MarkBrushBevels: brush 1199 tiny winding
MarkBrushBevels: brush 1200 tiny winding
MarkBrushBevels: brush 1201 tiny winding
MarkBrushBevels: brush 1201 no winding
MarkBrushBevels: brush 1201 tiny winding
MarkBrushBevels: brush 1201 no winding
MarkBrushBevels: brush 1202 no winding
MarkBrushBevels: brush 1203 no winding
MarkBrushBevels: brush 1204 no winding
MarkBrushBevels: brush 1204 no winding
MarkBrushBevels: brush 1205 no winding
MarkBrushBevels: brush 1205 no winding
MarkBrushBevels: brush 1207 tiny winding
MarkBrushBevels: brush 1207 tiny winding
MarkBrushBevels: brush 1207 no winding
MarkBrushBevels: brush 1210 tiny winding
MarkBrushBevels: brush 1210 tiny winding
MarkBrushBevels: brush 1211 no winding
MarkBrushBevels: brush 1212 no winding
MarkBrushBevels: brush 1213 tiny winding
MarkBrushBevels: brush 1213 tiny winding
MarkBrushBevels: brush 1213 tiny winding
MarkBrushBevels: brush 1214 tiny winding
MarkBrushBevels: brush 1215 tiny winding
MarkBrushBevels: brush 1215 tiny winding
MarkBrushBevels: brush 1215 no winding
MarkBrushBevels: brush 1217 no winding
MarkBrushBevels: brush 1219 no winding
MarkBrushBevels: brush 1222 no winding
MarkBrushBevels: brush 1222 no winding
MarkBrushBevels: brush 1223 tiny winding
MarkBrushBevels: brush 1223 tiny winding
MarkBrushBevels: brush 1223 no winding
MarkBrushBevels: brush 1223 no winding
MarkBrushBevels: brush 1224 no winding
MarkBrushBevels: brush 1224 tiny winding
MarkBrushBevels: brush 1224 tiny winding
MarkBrushBevels: brush 1224 no winding
MarkBrushBevels: brush 1227 tiny winding
MarkBrushBevels: brush 1228 tiny winding
MarkBrushBevels: brush 1228 tiny winding
MarkBrushBevels: brush 1228 tiny winding
MarkBrushBevels: brush 1228 tiny winding
Entity 0, Brush 1229: duplicate plane
MarkBrushBevels: brush 1229 no winding
MarkBrushBevels: brush 1229 no winding
MarkBrushBevels: brush 1229 tiny winding
MarkBrushBevels: brush 1229 no winding
MarkBrushBevels: brush 1229 tiny winding
MarkBrushBevels: brush 1229 no winding
MarkBrushBevels: brush 1229 tiny winding
MarkBrushBevels: brush 1229 tiny winding
MarkBrushBevels: brush 1229 no winding
MarkBrushBevels: brush 1229 no winding
MarkBrushBevels: brush 1229 no winding
MarkBrushBevels: brush 1229 no winding
MarkBrushBevels: brush 1229 tiny winding
MarkBrushBevels: brush 1229 no winding
MarkBrushBevels: brush 1229 no winding
MarkBrushBevels: brush 1229 no winding
MarkBrushBevels: brush 1229 tiny winding
MarkBrushBevels: brush 1229 no winding
MarkBrushBevels: brush 1229 tiny winding
MarkBrushBevels: brush 1229 no winding
MarkBrushBevels: brush 1229 no winding
MarkBrushBevels: brush 1229 tiny winding
MarkBrushBevels: brush 1229 tiny winding
MarkBrushBevels: brush 1229 tiny winding
MarkBrushBevels: brush 1229 tiny winding
MarkBrushBevels: brush 1229 tiny winding
MarkBrushBevels: brush 1229 tiny winding
MarkBrushBevels: brush 1230 no winding
MarkBrushBevels: brush 1230 no winding
MarkBrushBevels: brush 1230 no winding
MarkBrushBevels: brush 1230 tiny winding
MarkBrushBevels: brush 1230 tiny winding
MarkBrushBevels: brush 1230 no winding
MarkBrushBevels: brush 1230 no winding
MarkBrushBevels: brush 1230 no winding
MarkBrushBevels: brush 1230 tiny winding
MarkBrushBevels: brush 1230 tiny winding
MarkBrushBevels: brush 1230 tiny winding
MarkBrushBevels: brush 1230 tiny winding
MarkBrushBevels: brush 1230 no winding
MarkBrushBevels: brush 1230 no winding
MarkBrushBevels: brush 1230 tiny winding
MarkBrushBevels: brush 1230 no winding
MarkBrushBevels: brush 1230 no winding
MarkBrushBevels: brush 1230 tiny winding
MarkBrushBevels: brush 1230 tiny winding
MarkBrushBevels: brush 1230 tiny winding
MarkBrushBevels: brush 1230 no winding
MarkBrushBevels: brush 1230 tiny winding
MarkBrushBevels: brush 1230 no winding
MarkBrushBevels: brush 1230 tiny winding
MarkBrushBevels: brush 1230 no winding
MarkBrushBevels: brush 1230 tiny winding
MarkBrushBevels: brush 1230 no winding
MarkBrushBevels: brush 1230 tiny winding
MarkBrushBevels: brush 1230 tiny winding
MarkBrushBevels: brush 1234 tiny winding
MarkBrushBevels: brush 1235 tiny winding
MarkBrushBevels: brush 1237 no winding
MarkBrushBevels: brush 1237 tiny winding
MarkBrushBevels: brush 1238 no winding
MarkBrushBevels: brush 1238 tiny winding
MarkBrushBevels: brush 1243 no winding
MarkBrushBevels: brush 1244 tiny winding
MarkBrushBevels: brush 1247 tiny winding
MarkBrushBevels: brush 1247 tiny winding
MarkBrushBevels: brush 1248 tiny winding
MarkBrushBevels: brush 1248 tiny winding
MarkBrushBevels: brush 1268 tiny winding
MarkBrushBevels: brush 1268 tiny winding
MarkBrushBevels: brush 1269 no winding
MarkBrushBevels: brush 1269 no winding
MarkBrushBevels: brush 1277 tiny winding
MarkBrushBevels: brush 1277 tiny winding
MarkBrushBevels: brush 1277 tiny winding
MarkBrushBevels: brush 1279 tiny winding
MarkBrushBevels: brush 1279 no winding
MarkBrushBevels: brush 1282 tiny winding
MarkBrushBevels: brush 1283 tiny winding
MarkBrushBevels: brush 1283 tiny winding
MarkBrushBevels: brush 1283 tiny winding
MarkBrushBevels: brush 1284 no winding
MarkBrushBevels: brush 1284 tiny winding
MarkBrushBevels: brush 1285 no winding
MarkBrushBevels: brush 1285 no winding
MarkBrushBevels: brush 1304 no winding
MarkBrushBevels: brush 1304 tiny winding
MarkBrushBevels: brush 1304 no winding
MarkBrushBevels: brush 1305 no winding
MarkBrushBevels: brush 1305 no winding
MarkBrushBevels: brush 1306 tiny winding
MarkBrushBevels: brush 1306 tiny winding
MarkBrushBevels: brush 1324 tiny winding
MarkBrushBevels: brush 1324 no winding
MarkBrushBevels: brush 1325 no winding
MarkBrushBevels: brush 1325 no winding
MarkBrushBevels: brush 1326 no winding
MarkBrushBevels: brush 1326 tiny winding
MarkBrushBevels: brush 1327 no winding
MarkBrushBevels: brush 1327 no winding
MarkBrushBevels: brush 1330 no winding
MarkBrushBevels: brush 1330 no winding
MarkBrushBevels: brush 1331 tiny winding
MarkBrushBevels: brush 1333 tiny winding
MarkBrushBevels: brush 1333 tiny winding
MarkBrushBevels: brush 1333 tiny winding
MarkBrushBevels: brush 1333 tiny winding
MarkBrushBevels: brush 1333 tiny winding
MarkBrushBevels: brush 1333 tiny winding
MarkBrushBevels: brush 1333 tiny winding
MarkBrushBevels: brush 1336 tiny winding
MarkBrushBevels: brush 1336 tiny winding
MarkBrushBevels: brush 1337 no winding
MarkBrushBevels: brush 1337 tiny winding
MarkBrushBevels: brush 1338 tiny winding
MarkBrushBevels: brush 1338 no winding
MarkBrushBevels: brush 1338 tiny winding
MarkBrushBevels: brush 1339 tiny winding
MarkBrushBevels: brush 1340 no winding
MarkBrushBevels: brush 1340 tiny winding
MarkBrushBevels: brush 1340 no winding
MarkBrushBevels: brush 1340 no winding
MarkBrushBevels: brush 1340 tiny winding
MarkBrushBevels: brush 1341 tiny winding
MarkBrushBevels: brush 1341 no winding
MarkBrushBevels: brush 1341 no winding
MarkBrushBevels: brush 1341 no winding
MarkBrushBevels: brush 1342 tiny winding
MarkBrushBevels: brush 1342 no winding
MarkBrushBevels: brush 1342 no winding
MarkBrushBevels: brush 1342 tiny winding
MarkBrushBevels: brush 1342 tiny winding
MarkBrushBevels: brush 1343 tiny winding
MarkBrushBevels: brush 1343 tiny winding
MarkBrushBevels: brush 1343 no winding
MarkBrushBevels: brush 1343 tiny winding
MarkBrushBevels: brush 1344 tiny winding
MarkBrushBevels: brush 1344 no winding
MarkBrushBevels: brush 1344 no winding
MarkBrushBevels: brush 1344 tiny winding
MarkBrushBevels: brush 1344 tiny winding
MarkBrushBevels: brush 1345 no winding
MarkBrushBevels: brush 1345 no winding
MarkBrushBevels: brush 1345 no winding
MarkBrushBevels: brush 1345 no winding
MarkBrushBevels: brush 1346 no winding
MarkBrushBevels: brush 1346 no winding
MarkBrushBevels: brush 1347 no winding
MarkBrushBevels: brush 1347 no winding
MarkBrushBevels: brush 1347 no winding
MarkBrushBevels: brush 1347 tiny winding
MarkBrushBevels: brush 1348 tiny winding
MarkBrushBevels: brush 1348 tiny winding
MarkBrushBevels: brush 1349 no winding
MarkBrushBevels: brush 1349 no winding
MarkBrushBevels: brush 1354 no winding
MarkBrushBevels: brush 1354 no winding
MarkBrushBevels: brush 1354 tiny winding
MarkBrushBevels: brush 1354 tiny winding
MarkBrushBevels: brush 1355 no winding
MarkBrushBevels: brush 1355 tiny winding
MarkBrushBevels: brush 1355 tiny winding
MarkBrushBevels: brush 1355 no winding
MarkBrushBevels: brush 1355 no winding
MarkBrushBevels: brush 1355 tiny winding
MarkBrushBevels: brush 1356 no winding
MarkBrushBevels: brush 1356 no winding
MarkBrushBevels: brush 1356 no winding
MarkBrushBevels: brush 1356 no winding
MarkBrushBevels: brush 1356 no winding
MarkBrushBevels: brush 1356 tiny winding
MarkBrushBevels: brush 1357 tiny winding
MarkBrushBevels: brush 1357 tiny winding
MarkBrushBevels: brush 1358 no winding
MarkBrushBevels: brush 1358 tiny winding
MarkBrushBevels: brush 1360 no winding
MarkBrushBevels: brush 1360 no winding
MarkBrushBevels: brush 1361 tiny winding
MarkBrushBevels: brush 1362 tiny winding
MarkBrushBevels: brush 1363 tiny winding
MarkBrushBevels: brush 1363 tiny winding
MarkBrushBevels: brush 1365 no winding
MarkBrushBevels: brush 1366 no winding
MarkBrushBevels: brush 1367 tiny winding
MarkBrushBevels: brush 1367 tiny winding
MarkBrushBevels: brush 1369 tiny winding
MarkBrushBevels: brush 1371 tiny winding
MarkBrushBevels: brush 1371 tiny winding
MarkBrushBevels: brush 1373 tiny winding
MarkBrushBevels: brush 1373 tiny winding
MarkBrushBevels: brush 1374 tiny winding
MarkBrushBevels: brush 1374 tiny winding
MarkBrushBevels: brush 1376 tiny winding
MarkBrushBevels: brush 1378 tiny winding
MarkBrushBevels: brush 1378 no winding
MarkBrushBevels: brush 1379 tiny winding
MarkBrushBevels: brush 1380 no winding
MarkBrushBevels: brush 1383 no winding
MarkBrushBevels: brush 1383 no winding
MarkBrushBevels: brush 1384 tiny winding
MarkBrushBevels: brush 1385 tiny winding
MarkBrushBevels: brush 1389 no winding
MarkBrushBevels: brush 1389 no winding
MarkBrushBevels: brush 1390 no winding
MarkBrushBevels: brush 1390 no winding
MarkBrushBevels: brush 1392 tiny winding
MarkBrushBevels: brush 1392 no winding
MarkBrushBevels: brush 1393 tiny winding
MarkBrushBevels: brush 1394 tiny winding
MarkBrushBevels: brush 1395 no winding
MarkBrushBevels: brush 1395 no winding
MarkBrushBevels: brush 1398 tiny winding
MarkBrushBevels: brush 1398 tiny winding
MarkBrushBevels: brush 1399 no winding
MarkBrushBevels: brush 1400 no winding
MarkBrushBevels: brush 1401 tiny winding
MarkBrushBevels: brush 1401 tiny winding
MarkBrushBevels: brush 1403 tiny winding
MarkBrushBevels: brush 1403 tiny winding
MarkBrushBevels: brush 1404 tiny winding
MarkBrushBevels: brush 1404 tiny winding
MarkBrushBevels: brush 1405 tiny winding
MarkBrushBevels: brush 1406 tiny winding
MarkBrushBevels: brush 1406 tiny winding
MarkBrushBevels: brush 1407 no winding
MarkBrushBevels: brush 1407 no winding
MarkBrushBevels: brush 1408 tiny winding
MarkBrushBevels: brush 1411 no winding
MarkBrushBevels: brush 1411 no winding
MarkBrushBevels: brush 1412 tiny winding
MarkBrushBevels: brush 1413 tiny winding
MarkBrushBevels: brush 1424 no winding
MarkBrushBevels: brush 1425 no winding
MarkBrushBevels: brush 1426 tiny winding
MarkBrushBevels: brush 1426 tiny winding
MarkBrushBevels: brush 1429 no winding
MarkBrushBevels: brush 1429 no winding
MarkBrushBevels: brush 1430 tiny winding
MarkBrushBevels: brush 1431 tiny winding
MarkBrushBevels: brush 1447 no winding
MarkBrushBevels: brush 1448 tiny winding
MarkBrushBevels: brush 1449 no winding
MarkBrushBevels: brush 1449 tiny winding
MarkBrushBevels: brush 1453 no winding
MarkBrushBevels: brush 1453 tiny winding
MarkBrushBevels: brush 1454 tiny winding
MarkBrushBevels: brush 1455 no winding
MarkBrushBevels: brush 1456 no winding
MarkBrushBevels: brush 1457 tiny winding
MarkBrushBevels: brush 1458 tiny winding
MarkBrushBevels: brush 1458 no winding
MarkBrushBevels: brush 1460 no winding
MarkBrushBevels: brush 1461 tiny winding
MarkBrushBevels: brush 1463 no winding
MarkBrushBevels: brush 1463 tiny winding
MarkBrushBevels: brush 1468 no winding
MarkBrushBevels: brush 1468 tiny winding
MarkBrushBevels: brush 1470 tiny winding
MarkBrushBevels: brush 1471 no winding
MarkBrushBevels: brush 1474 tiny winding
MarkBrushBevels: brush 1475 tiny winding
MarkBrushBevels: brush 1476 no winding
MarkBrushBevels: brush 1476 no winding
MarkBrushBevels: brush 1483 no winding
MarkBrushBevels: brush 1483 no winding
MarkBrushBevels: brush 1484 tiny winding
MarkBrushBevels: brush 1485 tiny winding
MarkBrushBevels: brush 1490 no winding
MarkBrushBevels: brush 1490 tiny winding
MarkBrushBevels: brush 1491 tiny winding
MarkBrushBevels: brush 1492 no winding
MarkBrushBevels: brush 1494 no winding
MarkBrushBevels: brush 1495 tiny winding
MarkBrushBevels: brush 1496 no winding
MarkBrushBevels: brush 1496 tiny winding
MarkBrushBevels: brush 1498 no winding
MarkBrushBevels: brush 1498 no winding
MarkBrushBevels: brush 1498 tiny winding
MarkBrushBevels: brush 1499 tiny winding
MarkBrushBevels: brush 1500 tiny winding
MarkBrushBevels: brush 1508 no winding
MarkBrushBevels: brush 1508 no winding
MarkBrushBevels: brush 1508 no winding
MarkBrushBevels: brush 1508 no winding
MarkBrushBevels: brush 1508 no winding
MarkBrushBevels: brush 1509 no winding
MarkBrushBevels: brush 1510 tiny winding
MarkBrushBevels: brush 1511 no winding
MarkBrushBevels: brush 1511 no winding
MarkBrushBevels: brush 1517 no winding
MarkBrushBevels: brush 1517 no winding
MarkBrushBevels: brush 1518 tiny winding
MarkBrushBevels: brush 1519 no winding
MarkBrushBevels: brush 1520 tiny winding
MarkBrushBevels: brush 1521 tiny winding
MarkBrushBevels: brush 1522 no winding
MarkBrushBevels: brush 1522 no winding
MarkBrushBevels: brush 1524 no winding
MarkBrushBevels: brush 1525 no winding
MarkBrushBevels: brush 1527 no winding
MarkBrushBevels: brush 1533 tiny winding
MarkBrushBevels: brush 1534 no winding
MarkBrushBevels: brush 1552 no winding
MarkBrushBevels: brush 1552 tiny winding
MarkBrushBevels: brush 1554 tiny winding
MarkBrushBevels: brush 1555 no winding
MarkBrushBevels: brush 1559 no winding
MarkBrushBevels: brush 1560 tiny winding
MarkBrushBevels: brush 1562 no winding
MarkBrushBevels: brush 1562 tiny winding
MarkBrushBevels: brush 1563 no winding
MarkBrushBevels: brush 1565 no winding
MarkBrushBevels: brush 1565 no winding
MarkBrushBevels: brush 1567 tiny winding
MarkBrushBevels: brush 1573 tiny winding
MarkBrushBevels: brush 1573 no winding
MarkBrushBevels: brush 1575 tiny winding
MarkBrushBevels: brush 1576 no winding
MarkBrushBevels: brush 1581 no winding
MarkBrushBevels: brush 1581 no winding
MarkBrushBevels: brush 1582 tiny winding
MarkBrushBevels: brush 1583 tiny winding
MarkBrushBevels: brush 1591 tiny winding
MarkBrushBevels: brush 1592 tiny winding
MarkBrushBevels: brush 1593 no winding
MarkBrushBevels: brush 1593 no winding
MarkBrushBevels: brush 1596 no winding
MarkBrushBevels: brush 1597 tiny winding
MarkBrushBevels: brush 1599 no winding
MarkBrushBevels: brush 1599 no winding
MarkBrushBevels: brush 1607 tiny winding
MarkBrushBevels: brush 1608 tiny winding
MarkBrushBevels: brush 1612 no winding
MarkBrushBevels: brush 1612 no winding
MarkBrushBevels: brush 1614 tiny winding
MarkBrushBevels: brush 1615 tiny winding
MarkBrushBevels: brush 1617 no winding
MarkBrushBevels: brush 1617 no winding
MarkBrushBevels: brush 1624 tiny winding
MarkBrushBevels: brush 1624 tiny winding
MarkBrushBevels: brush 1626 no winding
MarkBrushBevels: brush 1627 no winding
MarkBrushBevels: brush 1630 no winding
MarkBrushBevels: brush 1631 tiny winding
MarkBrushBevels: brush 1633 no winding
MarkBrushBevels: brush 1633 tiny winding
MarkBrushBevels: brush 1636 tiny winding
MarkBrushBevels: brush 1636 no winding
MarkBrushBevels: brush 1638 no winding
MarkBrushBevels: brush 1639 tiny winding
MarkBrushBevels: brush 1642 no winding
MarkBrushBevels: brush 1643 no winding
MarkBrushBevels: brush 1645 tiny winding
MarkBrushBevels: brush 1645 tiny winding
MarkBrushBevels: brush 1648 tiny winding
MarkBrushBevels: brush 1648 tiny winding
MarkBrushBevels: brush 1650 no winding
MarkBrushBevels: brush 1651 no winding
MarkBrushBevels: brush 1659 tiny winding
MarkBrushBevels: brush 1660 tiny winding
MarkBrushBevels: brush 1661 no winding
MarkBrushBevels: brush 1661 no winding
MarkBrushBevels: brush 1664 tiny winding
MarkBrushBevels: brush 1664 tiny winding
MarkBrushBevels: brush 1665 no winding
MarkBrushBevels: brush 1666 no winding
MarkBrushBevels: brush 1673 tiny winding
MarkBrushBevels: brush 1674 tiny winding
MarkBrushBevels: brush 1675 no winding
MarkBrushBevels: brush 1675 no winding
MarkBrushBevels: brush 1679 no winding
MarkBrushBevels: brush 1683 tiny winding
MarkBrushBevels: brush 1684 tiny winding
MarkBrushBevels: brush 1685 no winding
MarkBrushBevels: brush 1685 no winding
MarkBrushBevels: brush 1693 tiny winding
MarkBrushBevels: brush 1693 tiny winding
MarkBrushBevels: brush 1694 no winding
MarkBrushBevels: brush 1696 no winding
MarkBrushBevels: brush 1697 tiny winding
MarkBrushBevels: brush 1698 tiny winding
MarkBrushBevels: brush 1700 no winding
MarkBrushBevels: brush 1700 no winding
MarkBrushBevels: brush 1703 no winding
MarkBrushBevels: brush 1703 no winding
MarkBrushBevels: brush 1705 tiny winding
MarkBrushBevels: brush 1706 tiny winding
MarkBrushBevels: brush 1714 tiny winding
MarkBrushBevels: brush 1715 tiny winding
MarkBrushBevels: brush 1717 no winding
MarkBrushBevels: brush 1717 no winding
MarkBrushBevels: brush 1725 tiny winding
MarkBrushBevels: brush 1725 tiny winding
MarkBrushBevels: brush 1727 no winding
MarkBrushBevels: brush 1728 no winding
MarkBrushBevels: brush 1732 no winding
MarkBrushBevels: brush 1732 no winding
MarkBrushBevels: brush 1733 tiny winding
MarkBrushBevels: brush 1734 no winding
MarkBrushBevels: brush 1739 tiny winding
MarkBrushBevels: brush 1739 no winding
MarkBrushBevels: brush 1740 tiny winding
MarkBrushBevels: brush 1741 no winding
MarkBrushBevels: brush 1747 no winding
MarkBrushBevels: brush 1748 tiny winding
MarkBrushBevels: brush 1749 no winding
MarkBrushBevels: brush 1749 tiny winding
MarkBrushBevels: brush 1754 no winding
MarkBrushBevels: brush 1754 no winding
MarkBrushBevels: brush 1755 tiny winding
MarkBrushBevels: brush 1756 tiny winding
MarkBrushBevels: brush 1763 no winding
MarkBrushBevels: brush 1764 tiny winding
MarkBrushBevels: brush 1765 tiny winding
MarkBrushBevels: brush 1765 no winding
MarkBrushBevels: brush 1768 no winding
MarkBrushBevels: brush 1768 tiny winding
MarkBrushBevels: brush 1768 no winding
MarkBrushBevels: brush 1768 no winding
MarkBrushBevels: brush 1768 tiny winding
MarkBrushBevels: brush 1770 no winding
MarkBrushBevels: brush 1770 no winding
MarkBrushBevels: brush 1770 tiny winding
MarkBrushBevels: brush 1770 tiny winding
MarkBrushBevels: brush 1803 no winding
MarkBrushBevels: brush 1803 no winding
MarkBrushBevels: brush 1804 tiny winding
MarkBrushBevels: brush 1804 tiny winding
MarkBrushBevels: brush 1805 tiny winding
MarkBrushBevels: brush 1805 no winding
MarkBrushBevels: brush 1807 no winding
MarkBrushBevels: brush 1808 tiny winding
MarkBrushBevels: brush 1812 tiny winding
MarkBrushBevels: brush 1821 tiny winding
MarkBrushBevels: brush 1821 no winding
MarkBrushBevels: brush 1823 no winding
MarkBrushBevels: brush 1824 tiny winding
MarkBrushBevels: brush 1825 tiny winding
MarkBrushBevels: brush 1826 no winding
MarkBrushBevels: brush 1828 tiny winding
MarkBrushBevels: brush 1828 no winding
MarkBrushBevels: brush 1830 tiny winding
MarkBrushBevels: brush 1831 no winding
MarkBrushBevels: brush 1832 no winding
MarkBrushBevels: brush 1833 tiny winding
MarkBrushBevels: brush 1835 no winding
MarkBrushBevels: brush 1835 tiny winding
MarkBrushBevels: brush 1840 no winding
MarkBrushBevels: brush 1840 tiny winding
MarkBrushBevels: brush 0 no winding
MarkBrushBevels: brush 0 no winding
MarkBrushBevels: brush 0 tiny winding
MarkBrushBevels: brush 1 tiny winding
MarkBrushBevels: brush 1 tiny winding
MarkBrushBevels: brush 1 no winding
MarkBrushBevels: brush 1 tiny winding
MarkBrushBevels: brush 2 no winding
MarkBrushBevels: brush 2 no winding
MarkBrushBevels: brush 2 no winding
MarkBrushBevels: brush 2 no winding
MarkBrushBevels: brush 3 no winding
MarkBrushBevels: brush 3 tiny winding
MarkBrushBevels: brush 4 tiny winding
MarkBrushBevels: brush 4 tiny winding
MarkBrushBevels: brush 4 no winding
MarkBrushBevels: brush 4 tiny winding
MarkBrushBevels: brush 5 tiny winding
MarkBrushBevels: brush 5 no winding
MarkBrushBevels: brush 5 tiny winding
MarkBrushBevels: brush 5 tiny winding
MarkBrushBevels: brush 6 tiny winding
MarkBrushBevels: brush 6 tiny winding
MarkBrushBevels: brush 7 no winding
MarkBrushBevels: brush 7 tiny winding
MarkBrushBevels: brush 7 no winding
MarkBrushBevels: brush 7 no winding
MarkBrushBevels: brush 8 no winding
MarkBrushBevels: brush 8 tiny winding
MarkBrushBevels: brush 8 tiny winding
MarkBrushBevels: brush 8 tiny winding
MarkBrushBevels: brush 9 no winding
MarkBrushBevels: brush 9 no winding
MarkBrushBevels: brush 10 no winding
MarkBrushBevels: brush 10 tiny winding
MarkBrushBevels: brush 10 tiny winding
MarkBrushBevels: brush 10 tiny winding
MarkBrushBevels: brush 11 no winding
MarkBrushBevels: brush 11 no winding
MarkBrushBevels: brush 11 no winding
MarkBrushBevels: brush 11 no winding
MarkBrushBevels: brush 12 no winding
MarkBrushBevels: brush 12 no winding
MarkBrushBevels: brush 12 tiny winding
MarkBrushBevels: brush 12 no winding
MarkBrushBevels: brush 12 tiny winding
MarkBrushBevels: brush 12 tiny winding
MarkBrushBevels: brush 12 no winding
MarkBrushBevels: brush 12 no winding
MarkBrushBevels: brush 12 tiny winding
MarkBrushBevels: brush 13 no winding
MarkBrushBevels: brush 13 no winding
MarkBrushBevels: brush 13 tiny winding
MarkBrushBevels: brush 13 no winding
MarkBrushBevels: brush 13 tiny winding
MarkBrushBevels: brush 13 tiny winding
MarkBrushBevels: brush 13 tiny winding
MarkBrushBevels: brush 13 no winding
MarkBrushBevels: brush 14 no winding
MarkBrushBevels: brush 14 tiny winding
MarkBrushBevels: brush 14 tiny winding
MarkBrushBevels: brush 14 no winding
MarkBrushBevels: brush 14 tiny winding
MarkBrushBevels: brush 14 no winding
MarkBrushBevels: brush 14 tiny winding
MarkBrushBevels: brush 14 tiny winding
MarkBrushBevels: brush 14 no winding
MarkBrushBevels: brush 15 no winding
MarkBrushBevels: brush 15 no winding
MarkBrushBevels: brush 15 tiny winding
MarkBrushBevels: brush 15 no winding
MarkBrushBevels: brush 15 no winding
MarkBrushBevels: brush 15 no winding
MarkBrushBevels: brush 15 no winding
MarkBrushBevels: brush 15 tiny winding
MarkBrushBevels: brush 15 tiny winding
MarkBrushBevels: brush 15 no winding
MarkBrushBevels: brush 15 tiny winding
MarkBrushBevels: brush 15 tiny winding
MarkBrushBevels: brush 15 no winding
MarkBrushBevels: brush 16 tiny winding
MarkBrushBevels: brush 16 tiny winding
MarkBrushBevels: brush 16 no winding
MarkBrushBevels: brush 16 no winding
MarkBrushBevels: brush 16 tiny winding
MarkBrushBevels: brush 16 tiny winding
MarkBrushBevels: brush 16 tiny winding
MarkBrushBevels: brush 16 tiny winding
MarkBrushBevels: brush 16 no winding
MarkBrushBevels: brush 16 no winding
MarkBrushBevels: brush 16 tiny winding
MarkBrushBevels: brush 16 tiny winding
MarkBrushBevels: brush 17 no winding
MarkBrushBevels: brush 17 tiny winding
MarkBrushBevels: brush 17 no winding
MarkBrushBevels: brush 17 no winding
MarkBrushBevels: brush 17 tiny winding
MarkBrushBevels: brush 17 no winding
MarkBrushBevels: brush 17 no winding
MarkBrushBevels: brush 17 no winding
MarkBrushBevels: brush 17 tiny winding
MarkBrushBevels: brush 17 tiny winding
MarkBrushBevels: brush 17 tiny winding
MarkBrushBevels: brush 17 tiny winding
MarkBrushBevels: brush 18 no winding
MarkBrushBevels: brush 18 tiny winding
MarkBrushBevels: brush 19 no winding
MarkBrushBevels: brush 19 no winding
MarkBrushBevels: brush 19 no winding
MarkBrushBevels: brush 19 tiny winding
MarkBrushBevels: brush 20 no winding
MarkBrushBevels: brush 20 tiny winding
MarkBrushBevels: brush 20 tiny winding
MarkBrushBevels: brush 20 tiny winding
MarkBrushBevels: brush 21 no winding
MarkBrushBevels: brush 21 tiny winding
MarkBrushBevels: brush 22 tiny winding
MarkBrushBevels: brush 22 no winding
MarkBrushBevels: brush 22 no winding
MarkBrushBevels: brush 22 no winding
MarkBrushBevels: brush 23 tiny winding
MarkBrushBevels: brush 23 tiny winding
MarkBrushBevels: brush 23 tiny winding
MarkBrushBevels: brush 23 tiny winding
MarkBrushBevels: brush 24 tiny winding
MarkBrushBevels: brush 24 tiny winding
MarkBrushBevels: brush 25 no winding
MarkBrushBevels: brush 25 tiny winding
MarkBrushBevels: brush 25 tiny winding
MarkBrushBevels: brush 25 tiny winding
MarkBrushBevels: brush 26 tiny winding
MarkBrushBevels: brush 26 tiny winding
MarkBrushBevels: brush 26 no winding
MarkBrushBevels: brush 26 tiny winding
MarkBrushBevels: brush 27 no winding
MarkBrushBevels: brush 27 no winding
MarkBrushBevels: brush 28 tiny winding
MarkBrushBevels: brush 28 no winding
MarkBrushBevels: brush 28 tiny winding
MarkBrushBevels: brush 28 no winding
MarkBrushBevels: brush 29 no winding
MarkBrushBevels: brush 29 no winding
MarkBrushBevels: brush 29 no winding
MarkBrushBevels: brush 29 tiny winding
MarkBrushBevels: brush 30 no winding
MarkBrushBevels: brush 30 tiny winding
MarkBrushBevels: brush 30 no winding
MarkBrushBevels: brush 30 no winding
MarkBrushBevels: brush 30 no winding
MarkBrushBevels: brush 30 no winding
MarkBrushBevels: brush 30 tiny winding
MarkBrushBevels: brush 30 no winding
MarkBrushBevels: brush 30 tiny winding
MarkBrushBevels: brush 31 tiny winding
MarkBrushBevels: brush 31 tiny winding
MarkBrushBevels: brush 31 no winding
MarkBrushBevels: brush 31 no winding
MarkBrushBevels: brush 31 tiny winding
MarkBrushBevels: brush 31 tiny winding
MarkBrushBevels: brush 31 tiny winding
MarkBrushBevels: brush 31 tiny winding
MarkBrushBevels: brush 32 tiny winding
MarkBrushBevels: brush 32 tiny winding
MarkBrushBevels: brush 32 tiny winding
MarkBrushBevels: brush 32 no winding
MarkBrushBevels: brush 32 tiny winding
MarkBrushBevels: brush 32 no winding
MarkBrushBevels: brush 32 tiny winding
MarkBrushBevels: brush 32 tiny winding
MarkBrushBevels: brush 33 no winding
MarkBrushBevels: brush 33 no winding
MarkBrushBevels: brush 33 no winding
MarkBrushBevels: brush 33 no winding
MarkBrushBevels: brush 33 no winding
MarkBrushBevels: brush 33 tiny winding
MarkBrushBevels: brush 33 no winding
MarkBrushBevels: brush 33 no winding
MarkBrushBevels: brush 33 tiny winding
MarkBrushBevels: brush 34 tiny winding
MarkBrushBevels: brush 34 tiny winding
MarkBrushBevels: brush 34 tiny winding
MarkBrushBevels: brush 34 no winding
MarkBrushBevels: brush 34 tiny winding
MarkBrushBevels: brush 34 tiny winding
MarkBrushBevels: brush 34 tiny winding
MarkBrushBevels: brush 34 tiny winding
MarkBrushBevels: brush 34 no winding
MarkBrushBevels: brush 35 tiny winding
MarkBrushBevels: brush 35 no winding
MarkBrushBevels: brush 35 no winding
MarkBrushBevels: brush 35 tiny winding
MarkBrushBevels: brush 35 tiny winding
MarkBrushBevels: brush 35 tiny winding
MarkBrushBevels: brush 35 tiny winding
MarkBrushBevels: brush 35 tiny winding
MarkBrushBevels: brush 36 no winding
MarkBrushBevels: brush 36 no winding
MarkBrushBevels: brush 36 no winding
MarkBrushBevels: brush 36 tiny winding
MarkBrushBevels: brush 36 tiny winding
MarkBrushBevels: brush 36 no winding
MarkBrushBevels: brush 36 no winding
MarkBrushBevels: brush 36 tiny winding
MarkBrushBevels: brush 36 no winding
MarkBrushBevels: brush 37 no winding
MarkBrushBevels: brush 37 no winding
MarkBrushBevels: brush 37 no winding
MarkBrushBevels: brush 37 tiny winding
MarkBrushBevels: brush 37 no winding
MarkBrushBevels: brush 37 tiny winding
MarkBrushBevels: brush 37 no winding
MarkBrushBevels: brush 37 no winding
MarkBrushBevels: brush 37 tiny winding
MarkBrushBevels: brush 38 no winding
MarkBrushBevels: brush 38 no winding
MarkBrushBevels: brush 38 no winding
MarkBrushBevels: brush 38 no winding
MarkBrushBevels: brush 38 tiny winding
MarkBrushBevels: brush 38 tiny winding
MarkBrushBevels: brush 38 tiny winding
MarkBrushBevels: brush 38 tiny winding
MarkBrushBevels: brush 38 tiny winding
MarkBrushBevels: brush 0 no winding
MarkBrushBevels: brush 0 no winding
MarkBrushBevels: brush 0 tiny winding

  1904 brushes
 14157 brush sides
freed 14 MB and 758 KB of BSP memory
writing C:\quake2-320\baseq2\maps\src\highlandcastle_b3.map
written 1904 brushes
map file written in     0 seconds
